[2023-12-20T11:50:48.397+0000] {processor.py:157} INFO - Started process (PID=38) to work on /opt/airflow/dags/first_dag.py
[2023-12-20T11:50:48.397+0000] {processor.py:829} INFO - Processing file /opt/airflow/dags/first_dag.py for tasks to queue
[2023-12-20T11:50:48.400+0000] {logging_mixin.py:154} INFO - [2023-12-20T11:50:48.400+0000] {dagbag.py:536} INFO - Filling up the DagBag from /opt/airflow/dags/first_dag.py
[2023-12-20T11:50:48.423+0000] {processor.py:839} INFO - DAG(s) dict_keys(['my_dag']) retrieved from /opt/airflow/dags/first_dag.py
[2023-12-20T11:50:48.608+0000] {logging_mixin.py:154} INFO - [2023-12-20T11:50:48.607+0000] {manager.py:499} INFO - Created Permission View: %s
[2023-12-20T11:50:48.625+0000] {logging_mixin.py:154} INFO - [2023-12-20T11:50:48.625+0000] {manager.py:499} INFO - Created Permission View: %s
[2023-12-20T11:50:48.637+0000] {logging_mixin.py:154} INFO - [2023-12-20T11:50:48.637+0000] {manager.py:499} INFO - Created Permission View: %s
[2023-12-20T11:50:48.637+0000] {logging_mixin.py:154} INFO - [2023-12-20T11:50:48.637+0000] {dag.py:2941} INFO - Sync 1 DAGs
[2023-12-20T11:50:48.652+0000] {logging_mixin.py:154} INFO - [2023-12-20T11:50:48.652+0000] {dag.py:2963} INFO - Creating ORM DAG for my_dag
[2023-12-20T11:50:48.665+0000] {logging_mixin.py:154} INFO - [2023-12-20T11:50:48.665+0000] {dag.py:3722} INFO - Setting next_dagrun for my_dag to 2023-12-19T11:50:48.664979+00:00, run_after=2023-12-20T11:50:48.664979+00:00
[2023-12-20T11:50:48.697+0000] {processor.py:179} INFO - Processing /opt/airflow/dags/first_dag.py took 0.303 seconds
[2023-12-20T11:51:20.407+0000] {processor.py:157} INFO - Started process (PID=38) to work on /opt/airflow/dags/first_dag.py
[2023-12-20T11:51:20.408+0000] {processor.py:829} INFO - Processing file /opt/airflow/dags/first_dag.py for tasks to queue
[2023-12-20T11:51:20.409+0000] {logging_mixin.py:154} INFO - [2023-12-20T11:51:20.409+0000] {dagbag.py:536} INFO - Filling up the DagBag from /opt/airflow/dags/first_dag.py
[2023-12-20T11:51:20.423+0000] {processor.py:839} INFO - DAG(s) dict_keys(['my_dag']) retrieved from /opt/airflow/dags/first_dag.py
[2023-12-20T11:51:20.504+0000] {logging_mixin.py:154} INFO - [2023-12-20T11:51:20.504+0000] {dag.py:2941} INFO - Sync 1 DAGs
[2023-12-20T11:51:20.529+0000] {logging_mixin.py:154} INFO - [2023-12-20T11:51:20.529+0000] {dag.py:3722} INFO - Setting next_dagrun for my_dag to 2023-12-19T11:51:20.528877+00:00, run_after=2023-12-20T11:51:20.528877+00:00
[2023-12-20T11:51:20.557+0000] {processor.py:179} INFO - Processing /opt/airflow/dags/first_dag.py took 0.153 seconds
[2023-12-20T11:51:50.696+0000] {processor.py:157} INFO - Started process (PID=93) to work on /opt/airflow/dags/first_dag.py
[2023-12-20T11:51:50.697+0000] {processor.py:829} INFO - Processing file /opt/airflow/dags/first_dag.py for tasks to queue
[2023-12-20T11:51:50.700+0000] {logging_mixin.py:154} INFO - [2023-12-20T11:51:50.700+0000] {dagbag.py:536} INFO - Filling up the DagBag from /opt/airflow/dags/first_dag.py
[2023-12-20T11:51:50.715+0000] {processor.py:839} INFO - DAG(s) dict_keys(['my_dag']) retrieved from /opt/airflow/dags/first_dag.py
[2023-12-20T11:51:50.788+0000] {logging_mixin.py:154} INFO - [2023-12-20T11:51:50.788+0000] {dag.py:2941} INFO - Sync 1 DAGs
[2023-12-20T11:51:50.819+0000] {logging_mixin.py:154} INFO - [2023-12-20T11:51:50.819+0000] {dag.py:3722} INFO - Setting next_dagrun for my_dag to 2023-12-19T11:51:50.819399+00:00, run_after=2023-12-20T11:51:50.819399+00:00
[2023-12-20T11:51:50.852+0000] {processor.py:179} INFO - Processing /opt/airflow/dags/first_dag.py took 0.161 seconds
[2023-12-20T11:52:21.189+0000] {processor.py:157} INFO - Started process (PID=148) to work on /opt/airflow/dags/first_dag.py
[2023-12-20T11:52:21.190+0000] {processor.py:829} INFO - Processing file /opt/airflow/dags/first_dag.py for tasks to queue
[2023-12-20T11:52:21.192+0000] {logging_mixin.py:154} INFO - [2023-12-20T11:52:21.191+0000] {dagbag.py:536} INFO - Filling up the DagBag from /opt/airflow/dags/first_dag.py
[2023-12-20T11:52:21.202+0000] {processor.py:839} INFO - DAG(s) dict_keys(['my_dag']) retrieved from /opt/airflow/dags/first_dag.py
[2023-12-20T11:52:21.265+0000] {logging_mixin.py:154} INFO - [2023-12-20T11:52:21.264+0000] {dag.py:2941} INFO - Sync 1 DAGs
[2023-12-20T11:52:21.291+0000] {logging_mixin.py:154} INFO - [2023-12-20T11:52:21.291+0000] {dag.py:3722} INFO - Setting next_dagrun for my_dag to 2023-12-19T11:52:21.291224+00:00, run_after=2023-12-20T11:52:21.291224+00:00
[2023-12-20T11:52:21.320+0000] {processor.py:179} INFO - Processing /opt/airflow/dags/first_dag.py took 0.134 seconds
[2023-12-20T11:52:35.926+0000] {processor.py:157} INFO - Started process (PID=196) to work on /opt/airflow/dags/first_dag.py
[2023-12-20T11:52:35.927+0000] {processor.py:829} INFO - Processing file /opt/airflow/dags/first_dag.py for tasks to queue
[2023-12-20T11:52:35.929+0000] {logging_mixin.py:154} INFO - [2023-12-20T11:52:35.928+0000] {dagbag.py:536} INFO - Filling up the DagBag from /opt/airflow/dags/first_dag.py
[2023-12-20T11:52:35.946+0000] {processor.py:839} INFO - DAG(s) dict_keys(['my_dag']) retrieved from /opt/airflow/dags/first_dag.py
[2023-12-20T11:52:36.115+0000] {logging_mixin.py:154} INFO - [2023-12-20T11:52:36.115+0000] {dag.py:2941} INFO - Sync 1 DAGs
[2023-12-20T11:52:36.146+0000] {logging_mixin.py:154} INFO - [2023-12-20T11:52:36.146+0000] {dag.py:3722} INFO - Setting next_dagrun for my_dag to 2023-12-20T11:52:21.291224+00:00, run_after=2023-12-21T11:52:21.291224+00:00
[2023-12-20T11:52:36.181+0000] {processor.py:179} INFO - Processing /opt/airflow/dags/first_dag.py took 0.258 seconds
[2023-12-20T11:53:06.376+0000] {processor.py:157} INFO - Started process (PID=251) to work on /opt/airflow/dags/first_dag.py
[2023-12-20T11:53:06.377+0000] {processor.py:829} INFO - Processing file /opt/airflow/dags/first_dag.py for tasks to queue
[2023-12-20T11:53:06.378+0000] {logging_mixin.py:154} INFO - [2023-12-20T11:53:06.378+0000] {dagbag.py:536} INFO - Filling up the DagBag from /opt/airflow/dags/first_dag.py
[2023-12-20T11:53:06.390+0000] {processor.py:839} INFO - DAG(s) dict_keys(['my_dag']) retrieved from /opt/airflow/dags/first_dag.py
[2023-12-20T11:53:06.450+0000] {logging_mixin.py:154} INFO - [2023-12-20T11:53:06.450+0000] {dag.py:2941} INFO - Sync 1 DAGs
[2023-12-20T11:53:06.476+0000] {logging_mixin.py:154} INFO - [2023-12-20T11:53:06.476+0000] {dag.py:3722} INFO - Setting next_dagrun for my_dag to 2023-12-20T11:52:21.291224+00:00, run_after=2023-12-21T11:52:21.291224+00:00
[2023-12-20T11:53:06.505+0000] {processor.py:179} INFO - Processing /opt/airflow/dags/first_dag.py took 0.132 seconds
[2023-12-20T11:53:34.835+0000] {processor.py:157} INFO - Started process (PID=306) to work on /opt/airflow/dags/first_dag.py
[2023-12-20T11:53:34.836+0000] {processor.py:829} INFO - Processing file /opt/airflow/dags/first_dag.py for tasks to queue
[2023-12-20T11:53:34.839+0000] {logging_mixin.py:154} INFO - [2023-12-20T11:53:34.838+0000] {dagbag.py:536} INFO - Filling up the DagBag from /opt/airflow/dags/first_dag.py
[2023-12-20T11:53:34.855+0000] {processor.py:839} INFO - DAG(s) dict_keys(['first_dag']) retrieved from /opt/airflow/dags/first_dag.py
[2023-12-20T11:53:35.013+0000] {logging_mixin.py:154} INFO - [2023-12-20T11:53:35.013+0000] {dag.py:2941} INFO - Sync 1 DAGs
[2023-12-20T11:53:35.040+0000] {logging_mixin.py:154} INFO - [2023-12-20T11:53:35.040+0000] {dag.py:3722} INFO - Setting next_dagrun for first_dag to 2023-12-19T11:53:35.040148+00:00, run_after=2023-12-20T11:53:35.040148+00:00
[2023-12-20T11:53:35.076+0000] {processor.py:179} INFO - Processing /opt/airflow/dags/first_dag.py took 0.245 seconds
[2023-12-20T11:54:05.274+0000] {processor.py:157} INFO - Started process (PID=361) to work on /opt/airflow/dags/first_dag.py
[2023-12-20T11:54:05.275+0000] {processor.py:829} INFO - Processing file /opt/airflow/dags/first_dag.py for tasks to queue
[2023-12-20T11:54:05.277+0000] {logging_mixin.py:154} INFO - [2023-12-20T11:54:05.277+0000] {dagbag.py:536} INFO - Filling up the DagBag from /opt/airflow/dags/first_dag.py
[2023-12-20T11:54:05.288+0000] {processor.py:839} INFO - DAG(s) dict_keys(['first_dag']) retrieved from /opt/airflow/dags/first_dag.py
[2023-12-20T11:54:05.453+0000] {logging_mixin.py:154} INFO - [2023-12-20T11:54:05.452+0000] {dag.py:2941} INFO - Sync 1 DAGs
[2023-12-20T11:54:05.479+0000] {logging_mixin.py:154} INFO - [2023-12-20T11:54:05.479+0000] {dag.py:3722} INFO - Setting next_dagrun for first_dag to 2023-12-20T11:53:35.040148+00:00, run_after=2023-12-21T11:53:35.040148+00:00
[2023-12-20T11:54:05.506+0000] {processor.py:179} INFO - Processing /opt/airflow/dags/first_dag.py took 0.235 seconds
[2023-12-20T11:54:35.536+0000] {processor.py:157} INFO - Started process (PID=416) to work on /opt/airflow/dags/first_dag.py
[2023-12-20T11:54:35.537+0000] {processor.py:829} INFO - Processing file /opt/airflow/dags/first_dag.py for tasks to queue
[2023-12-20T11:54:35.537+0000] {logging_mixin.py:154} INFO - [2023-12-20T11:54:35.537+0000] {dagbag.py:536} INFO - Filling up the DagBag from /opt/airflow/dags/first_dag.py
[2023-12-20T11:54:35.548+0000] {processor.py:839} INFO - DAG(s) dict_keys(['first_dag']) retrieved from /opt/airflow/dags/first_dag.py
[2023-12-20T11:54:35.607+0000] {logging_mixin.py:154} INFO - [2023-12-20T11:54:35.607+0000] {dag.py:2941} INFO - Sync 1 DAGs
[2023-12-20T11:54:35.633+0000] {logging_mixin.py:154} INFO - [2023-12-20T11:54:35.633+0000] {dag.py:3722} INFO - Setting next_dagrun for first_dag to 2023-12-20T11:53:35.040148+00:00, run_after=2023-12-21T11:53:35.040148+00:00
[2023-12-20T11:54:35.664+0000] {processor.py:179} INFO - Processing /opt/airflow/dags/first_dag.py took 0.131 seconds
[2023-12-20T11:54:41.588+0000] {processor.py:157} INFO - Started process (PID=417) to work on /opt/airflow/dags/first_dag.py
[2023-12-20T11:54:41.589+0000] {processor.py:829} INFO - Processing file /opt/airflow/dags/first_dag.py for tasks to queue
[2023-12-20T11:54:41.590+0000] {logging_mixin.py:154} INFO - [2023-12-20T11:54:41.589+0000] {dagbag.py:536} INFO - Filling up the DagBag from /opt/airflow/dags/first_dag.py
[2023-12-20T11:54:41.605+0000] {processor.py:839} INFO - DAG(s) dict_keys(['my_dag']) retrieved from /opt/airflow/dags/first_dag.py
[2023-12-20T11:54:41.747+0000] {logging_mixin.py:154} INFO - [2023-12-20T11:54:41.747+0000] {dag.py:2941} INFO - Sync 1 DAGs
[2023-12-20T11:54:41.772+0000] {logging_mixin.py:154} INFO - [2023-12-20T11:54:41.771+0000] {dag.py:3722} INFO - Setting next_dagrun for my_dag to 2023-12-20T11:52:21.291224+00:00, run_after=2023-12-21T11:52:21.291224+00:00
[2023-12-20T11:54:41.808+0000] {processor.py:179} INFO - Processing /opt/airflow/dags/first_dag.py took 0.223 seconds
[2023-12-20T11:55:12.114+0000] {processor.py:157} INFO - Started process (PID=472) to work on /opt/airflow/dags/first_dag.py
[2023-12-20T11:55:12.115+0000] {processor.py:829} INFO - Processing file /opt/airflow/dags/first_dag.py for tasks to queue
[2023-12-20T11:55:12.116+0000] {logging_mixin.py:154} INFO - [2023-12-20T11:55:12.116+0000] {dagbag.py:536} INFO - Filling up the DagBag from /opt/airflow/dags/first_dag.py
[2023-12-20T11:55:12.127+0000] {processor.py:839} INFO - DAG(s) dict_keys(['my_dag']) retrieved from /opt/airflow/dags/first_dag.py
[2023-12-20T11:55:12.187+0000] {logging_mixin.py:154} INFO - [2023-12-20T11:55:12.187+0000] {dag.py:2941} INFO - Sync 1 DAGs
[2023-12-20T11:55:12.213+0000] {logging_mixin.py:154} INFO - [2023-12-20T11:55:12.213+0000] {dag.py:3722} INFO - Setting next_dagrun for my_dag to 2023-12-20T11:52:21.291224+00:00, run_after=2023-12-21T11:52:21.291224+00:00
[2023-12-20T11:55:12.241+0000] {processor.py:179} INFO - Processing /opt/airflow/dags/first_dag.py took 0.129 seconds
[2023-12-20T11:55:42.417+0000] {processor.py:157} INFO - Started process (PID=527) to work on /opt/airflow/dags/first_dag.py
[2023-12-20T11:55:42.418+0000] {processor.py:829} INFO - Processing file /opt/airflow/dags/first_dag.py for tasks to queue
[2023-12-20T11:55:42.419+0000] {logging_mixin.py:154} INFO - [2023-12-20T11:55:42.419+0000] {dagbag.py:536} INFO - Filling up the DagBag from /opt/airflow/dags/first_dag.py
[2023-12-20T11:55:42.434+0000] {processor.py:839} INFO - DAG(s) dict_keys(['my_dag']) retrieved from /opt/airflow/dags/first_dag.py
[2023-12-20T11:55:42.499+0000] {logging_mixin.py:154} INFO - [2023-12-20T11:55:42.499+0000] {dag.py:2941} INFO - Sync 1 DAGs
[2023-12-20T11:55:42.530+0000] {logging_mixin.py:154} INFO - [2023-12-20T11:55:42.530+0000] {dag.py:3722} INFO - Setting next_dagrun for my_dag to 2023-12-20T11:52:21.291224+00:00, run_after=2023-12-21T11:52:21.291224+00:00
[2023-12-20T11:55:42.559+0000] {processor.py:179} INFO - Processing /opt/airflow/dags/first_dag.py took 0.146 seconds
[2023-12-20T11:56:12.658+0000] {processor.py:157} INFO - Started process (PID=582) to work on /opt/airflow/dags/first_dag.py
[2023-12-20T11:56:12.659+0000] {processor.py:829} INFO - Processing file /opt/airflow/dags/first_dag.py for tasks to queue
[2023-12-20T11:56:12.660+0000] {logging_mixin.py:154} INFO - [2023-12-20T11:56:12.660+0000] {dagbag.py:536} INFO - Filling up the DagBag from /opt/airflow/dags/first_dag.py
[2023-12-20T11:56:12.670+0000] {processor.py:839} INFO - DAG(s) dict_keys(['my_dag']) retrieved from /opt/airflow/dags/first_dag.py
[2023-12-20T11:56:12.729+0000] {logging_mixin.py:154} INFO - [2023-12-20T11:56:12.729+0000] {dag.py:2941} INFO - Sync 1 DAGs
[2023-12-20T11:56:12.756+0000] {logging_mixin.py:154} INFO - [2023-12-20T11:56:12.756+0000] {dag.py:3722} INFO - Setting next_dagrun for my_dag to 2023-12-20T11:52:21.291224+00:00, run_after=2023-12-21T11:52:21.291224+00:00
[2023-12-20T11:56:12.783+0000] {processor.py:179} INFO - Processing /opt/airflow/dags/first_dag.py took 0.128 seconds
[2023-12-20T11:56:42.947+0000] {processor.py:157} INFO - Started process (PID=637) to work on /opt/airflow/dags/first_dag.py
[2023-12-20T11:56:42.948+0000] {processor.py:829} INFO - Processing file /opt/airflow/dags/first_dag.py for tasks to queue
[2023-12-20T11:56:42.948+0000] {logging_mixin.py:154} INFO - [2023-12-20T11:56:42.948+0000] {dagbag.py:536} INFO - Filling up the DagBag from /opt/airflow/dags/first_dag.py
[2023-12-20T11:56:42.959+0000] {processor.py:839} INFO - DAG(s) dict_keys(['my_dag']) retrieved from /opt/airflow/dags/first_dag.py
[2023-12-20T11:56:43.020+0000] {logging_mixin.py:154} INFO - [2023-12-20T11:56:43.019+0000] {dag.py:2941} INFO - Sync 1 DAGs
[2023-12-20T11:56:43.046+0000] {logging_mixin.py:154} INFO - [2023-12-20T11:56:43.046+0000] {dag.py:3722} INFO - Setting next_dagrun for my_dag to 2023-12-20T11:52:21.291224+00:00, run_after=2023-12-21T11:52:21.291224+00:00
[2023-12-20T11:56:43.075+0000] {processor.py:179} INFO - Processing /opt/airflow/dags/first_dag.py took 0.131 seconds
[2023-12-20T11:57:13.541+0000] {processor.py:157} INFO - Started process (PID=699) to work on /opt/airflow/dags/first_dag.py
[2023-12-20T11:57:13.542+0000] {processor.py:829} INFO - Processing file /opt/airflow/dags/first_dag.py for tasks to queue
[2023-12-20T11:57:13.543+0000] {logging_mixin.py:154} INFO - [2023-12-20T11:57:13.543+0000] {dagbag.py:536} INFO - Filling up the DagBag from /opt/airflow/dags/first_dag.py
[2023-12-20T11:57:13.554+0000] {processor.py:839} INFO - DAG(s) dict_keys(['my_dag']) retrieved from /opt/airflow/dags/first_dag.py
[2023-12-20T11:57:13.613+0000] {logging_mixin.py:154} INFO - [2023-12-20T11:57:13.613+0000] {dag.py:2941} INFO - Sync 1 DAGs
[2023-12-20T11:57:13.640+0000] {logging_mixin.py:154} INFO - [2023-12-20T11:57:13.639+0000] {dag.py:3722} INFO - Setting next_dagrun for my_dag to 2023-12-20T11:52:21.291224+00:00, run_after=2023-12-21T11:52:21.291224+00:00
[2023-12-20T11:57:13.667+0000] {processor.py:179} INFO - Processing /opt/airflow/dags/first_dag.py took 0.129 seconds
[2023-12-20T11:57:40.636+0000] {processor.py:157} INFO - Started process (PID=747) to work on /opt/airflow/dags/first_dag.py
[2023-12-20T11:57:40.637+0000] {processor.py:829} INFO - Processing file /opt/airflow/dags/first_dag.py for tasks to queue
[2023-12-20T11:57:40.638+0000] {logging_mixin.py:154} INFO - [2023-12-20T11:57:40.638+0000] {dagbag.py:536} INFO - Filling up the DagBag from /opt/airflow/dags/first_dag.py
[2023-12-20T11:57:40.656+0000] {logging_mixin.py:154} INFO - [2023-12-20T11:57:40.652+0000] {dagbag.py:346} ERROR - Failed to import: /opt/airflow/dags/first_dag.py
Traceback (most recent call last):
  File "/home/airflow/.local/lib/python3.8/site-packages/airflow/models/dagbag.py", line 342, in parse
    loader.exec_module(new_module)
  File "<frozen importlib._bootstrap_external>", line 843, in exec_module
  File "<frozen importlib._bootstrap>", line 219, in _call_with_frames_removed
  File "/opt/airflow/dags/first_dag.py", line 4, in <module>
    from orders.models import Order
ModuleNotFoundError: No module named 'orders'
[2023-12-20T11:57:40.657+0000] {processor.py:841} WARNING - No viable dags retrieved from /opt/airflow/dags/first_dag.py
[2023-12-20T11:57:40.719+0000] {processor.py:179} INFO - Processing /opt/airflow/dags/first_dag.py took 0.085 seconds
[2023-12-20T11:58:11.157+0000] {processor.py:157} INFO - Started process (PID=802) to work on /opt/airflow/dags/first_dag.py
[2023-12-20T11:58:11.158+0000] {processor.py:829} INFO - Processing file /opt/airflow/dags/first_dag.py for tasks to queue
[2023-12-20T11:58:11.159+0000] {logging_mixin.py:154} INFO - [2023-12-20T11:58:11.159+0000] {dagbag.py:536} INFO - Filling up the DagBag from /opt/airflow/dags/first_dag.py
[2023-12-20T11:58:11.172+0000] {logging_mixin.py:154} INFO - [2023-12-20T11:58:11.169+0000] {dagbag.py:346} ERROR - Failed to import: /opt/airflow/dags/first_dag.py
Traceback (most recent call last):
  File "/home/airflow/.local/lib/python3.8/site-packages/airflow/models/dagbag.py", line 342, in parse
    loader.exec_module(new_module)
  File "<frozen importlib._bootstrap_external>", line 843, in exec_module
  File "<frozen importlib._bootstrap>", line 219, in _call_with_frames_removed
  File "/opt/airflow/dags/first_dag.py", line 4, in <module>
    from orders.models import Order
ModuleNotFoundError: No module named 'orders'
[2023-12-20T11:58:11.173+0000] {processor.py:841} WARNING - No viable dags retrieved from /opt/airflow/dags/first_dag.py
[2023-12-20T11:58:11.337+0000] {processor.py:179} INFO - Processing /opt/airflow/dags/first_dag.py took 0.183 seconds
[2023-12-20T11:58:15.190+0000] {processor.py:157} INFO - Started process (PID=810) to work on /opt/airflow/dags/first_dag.py
[2023-12-20T11:58:15.191+0000] {processor.py:829} INFO - Processing file /opt/airflow/dags/first_dag.py for tasks to queue
[2023-12-20T11:58:15.191+0000] {logging_mixin.py:154} INFO - [2023-12-20T11:58:15.191+0000] {dagbag.py:536} INFO - Filling up the DagBag from /opt/airflow/dags/first_dag.py
[2023-12-20T11:58:15.209+0000] {logging_mixin.py:154} INFO - [2023-12-20T11:58:15.206+0000] {dagbag.py:346} ERROR - Failed to import: /opt/airflow/dags/first_dag.py
Traceback (most recent call last):
  File "/home/airflow/.local/lib/python3.8/site-packages/airflow/models/dagbag.py", line 342, in parse
    loader.exec_module(new_module)
  File "<frozen importlib._bootstrap_external>", line 843, in exec_module
  File "<frozen importlib._bootstrap>", line 219, in _call_with_frames_removed
  File "/opt/airflow/dags/first_dag.py", line 4, in <module>
    from orders.models import Order
ModuleNotFoundError: No module named 'orders'
[2023-12-20T11:58:15.210+0000] {processor.py:841} WARNING - No viable dags retrieved from /opt/airflow/dags/first_dag.py
[2023-12-20T11:58:15.270+0000] {processor.py:179} INFO - Processing /opt/airflow/dags/first_dag.py took 0.083 seconds
[2023-12-20T11:58:45.495+0000] {processor.py:157} INFO - Started process (PID=865) to work on /opt/airflow/dags/first_dag.py
[2023-12-20T11:58:45.496+0000] {processor.py:829} INFO - Processing file /opt/airflow/dags/first_dag.py for tasks to queue
[2023-12-20T11:58:45.497+0000] {logging_mixin.py:154} INFO - [2023-12-20T11:58:45.497+0000] {dagbag.py:536} INFO - Filling up the DagBag from /opt/airflow/dags/first_dag.py
[2023-12-20T11:58:45.509+0000] {logging_mixin.py:154} INFO - [2023-12-20T11:58:45.506+0000] {dagbag.py:346} ERROR - Failed to import: /opt/airflow/dags/first_dag.py
Traceback (most recent call last):
  File "/home/airflow/.local/lib/python3.8/site-packages/airflow/models/dagbag.py", line 342, in parse
    loader.exec_module(new_module)
  File "<frozen importlib._bootstrap_external>", line 843, in exec_module
  File "<frozen importlib._bootstrap>", line 219, in _call_with_frames_removed
  File "/opt/airflow/dags/first_dag.py", line 4, in <module>
    from orders.models import Order
ModuleNotFoundError: No module named 'orders'
[2023-12-20T11:58:45.510+0000] {processor.py:841} WARNING - No viable dags retrieved from /opt/airflow/dags/first_dag.py
[2023-12-20T11:58:45.572+0000] {processor.py:179} INFO - Processing /opt/airflow/dags/first_dag.py took 0.080 seconds
[2023-12-20T11:59:15.689+0000] {processor.py:157} INFO - Started process (PID=920) to work on /opt/airflow/dags/first_dag.py
[2023-12-20T11:59:15.690+0000] {processor.py:829} INFO - Processing file /opt/airflow/dags/first_dag.py for tasks to queue
[2023-12-20T11:59:15.691+0000] {logging_mixin.py:154} INFO - [2023-12-20T11:59:15.691+0000] {dagbag.py:536} INFO - Filling up the DagBag from /opt/airflow/dags/first_dag.py
[2023-12-20T11:59:15.703+0000] {logging_mixin.py:154} INFO - [2023-12-20T11:59:15.701+0000] {dagbag.py:346} ERROR - Failed to import: /opt/airflow/dags/first_dag.py
Traceback (most recent call last):
  File "/home/airflow/.local/lib/python3.8/site-packages/airflow/models/dagbag.py", line 342, in parse
    loader.exec_module(new_module)
  File "<frozen importlib._bootstrap_external>", line 843, in exec_module
  File "<frozen importlib._bootstrap>", line 219, in _call_with_frames_removed
  File "/opt/airflow/dags/first_dag.py", line 4, in <module>
    from orders.models import Order
ModuleNotFoundError: No module named 'orders'
[2023-12-20T11:59:15.704+0000] {processor.py:841} WARNING - No viable dags retrieved from /opt/airflow/dags/first_dag.py
[2023-12-20T11:59:15.764+0000] {processor.py:179} INFO - Processing /opt/airflow/dags/first_dag.py took 0.078 seconds
[2023-12-20T11:59:46.026+0000] {processor.py:157} INFO - Started process (PID=975) to work on /opt/airflow/dags/first_dag.py
[2023-12-20T11:59:46.027+0000] {processor.py:829} INFO - Processing file /opt/airflow/dags/first_dag.py for tasks to queue
[2023-12-20T11:59:46.027+0000] {logging_mixin.py:154} INFO - [2023-12-20T11:59:46.027+0000] {dagbag.py:536} INFO - Filling up the DagBag from /opt/airflow/dags/first_dag.py
[2023-12-20T11:59:46.039+0000] {logging_mixin.py:154} INFO - [2023-12-20T11:59:46.037+0000] {dagbag.py:346} ERROR - Failed to import: /opt/airflow/dags/first_dag.py
Traceback (most recent call last):
  File "/home/airflow/.local/lib/python3.8/site-packages/airflow/models/dagbag.py", line 342, in parse
    loader.exec_module(new_module)
  File "<frozen importlib._bootstrap_external>", line 843, in exec_module
  File "<frozen importlib._bootstrap>", line 219, in _call_with_frames_removed
  File "/opt/airflow/dags/first_dag.py", line 4, in <module>
    from orders.models import Order
ModuleNotFoundError: No module named 'orders'
[2023-12-20T11:59:46.040+0000] {processor.py:841} WARNING - No viable dags retrieved from /opt/airflow/dags/first_dag.py
[2023-12-20T11:59:46.104+0000] {processor.py:179} INFO - Processing /opt/airflow/dags/first_dag.py took 0.082 seconds
