[2023-12-16T10:24:19.273+0000] {processor.py:157} INFO - Started process (PID=54) to work on /home/airflow/.local/lib/python3.8/site-packages/airflow/example_dags/tutorial_dag.py
[2023-12-16T10:24:19.274+0000] {processor.py:829} INFO - Processing file /home/airflow/.local/lib/python3.8/site-packages/airflow/example_dags/tutorial_dag.py for tasks to queue
[2023-12-16T10:24:19.276+0000] {logging_mixin.py:154} INFO - [2023-12-16T10:24:19.276+0000] {dagbag.py:536} INFO - Filling up the DagBag from /home/airflow/.local/lib/python3.8/site-packages/airflow/example_dags/tutorial_dag.py
[2023-12-16T10:24:19.284+0000] {processor.py:839} INFO - DAG(s) dict_keys(['tutorial_dag']) retrieved from /home/airflow/.local/lib/python3.8/site-packages/airflow/example_dags/tutorial_dag.py
[2023-12-16T10:24:19.358+0000] {logging_mixin.py:154} INFO - [2023-12-16T10:24:19.358+0000] {dag.py:2941} INFO - Sync 1 DAGs
[2023-12-16T10:24:19.377+0000] {logging_mixin.py:154} INFO - [2023-12-16T10:24:19.377+0000] {dag.py:3722} INFO - Setting next_dagrun for tutorial_dag to None, run_after=None
[2023-12-16T10:24:19.413+0000] {processor.py:179} INFO - Processing /home/airflow/.local/lib/python3.8/site-packages/airflow/example_dags/tutorial_dag.py took 0.144 seconds
[2023-12-16T10:24:50.253+0000] {processor.py:157} INFO - Started process (PID=109) to work on /home/airflow/.local/lib/python3.8/site-packages/airflow/example_dags/tutorial_dag.py
[2023-12-16T10:24:50.254+0000] {processor.py:829} INFO - Processing file /home/airflow/.local/lib/python3.8/site-packages/airflow/example_dags/tutorial_dag.py for tasks to queue
[2023-12-16T10:24:50.255+0000] {logging_mixin.py:154} INFO - [2023-12-16T10:24:50.255+0000] {dagbag.py:536} INFO - Filling up the DagBag from /home/airflow/.local/lib/python3.8/site-packages/airflow/example_dags/tutorial_dag.py
[2023-12-16T10:24:50.260+0000] {processor.py:839} INFO - DAG(s) dict_keys(['tutorial_dag']) retrieved from /home/airflow/.local/lib/python3.8/site-packages/airflow/example_dags/tutorial_dag.py
[2023-12-16T10:24:50.312+0000] {logging_mixin.py:154} INFO - [2023-12-16T10:24:50.312+0000] {dag.py:2941} INFO - Sync 1 DAGs
[2023-12-16T10:24:50.326+0000] {logging_mixin.py:154} INFO - [2023-12-16T10:24:50.326+0000] {dag.py:3722} INFO - Setting next_dagrun for tutorial_dag to None, run_after=None
[2023-12-16T10:24:50.353+0000] {processor.py:179} INFO - Processing /home/airflow/.local/lib/python3.8/site-packages/airflow/example_dags/tutorial_dag.py took 0.103 seconds
[2023-12-16T10:25:20.465+0000] {processor.py:157} INFO - Started process (PID=164) to work on /home/airflow/.local/lib/python3.8/site-packages/airflow/example_dags/tutorial_dag.py
[2023-12-16T10:25:20.466+0000] {processor.py:829} INFO - Processing file /home/airflow/.local/lib/python3.8/site-packages/airflow/example_dags/tutorial_dag.py for tasks to queue
[2023-12-16T10:25:20.467+0000] {logging_mixin.py:154} INFO - [2023-12-16T10:25:20.467+0000] {dagbag.py:536} INFO - Filling up the DagBag from /home/airflow/.local/lib/python3.8/site-packages/airflow/example_dags/tutorial_dag.py
[2023-12-16T10:25:20.472+0000] {processor.py:839} INFO - DAG(s) dict_keys(['tutorial_dag']) retrieved from /home/airflow/.local/lib/python3.8/site-packages/airflow/example_dags/tutorial_dag.py
[2023-12-16T10:25:20.643+0000] {logging_mixin.py:154} INFO - [2023-12-16T10:25:20.643+0000] {dag.py:2941} INFO - Sync 1 DAGs
[2023-12-16T10:25:20.656+0000] {logging_mixin.py:154} INFO - [2023-12-16T10:25:20.656+0000] {dag.py:3722} INFO - Setting next_dagrun for tutorial_dag to None, run_after=None
[2023-12-16T10:25:20.682+0000] {processor.py:179} INFO - Processing /home/airflow/.local/lib/python3.8/site-packages/airflow/example_dags/tutorial_dag.py took 0.220 seconds
[2023-12-16T10:25:50.718+0000] {processor.py:157} INFO - Started process (PID=219) to work on /home/airflow/.local/lib/python3.8/site-packages/airflow/example_dags/tutorial_dag.py
[2023-12-16T10:25:50.719+0000] {processor.py:829} INFO - Processing file /home/airflow/.local/lib/python3.8/site-packages/airflow/example_dags/tutorial_dag.py for tasks to queue
[2023-12-16T10:25:50.721+0000] {logging_mixin.py:154} INFO - [2023-12-16T10:25:50.721+0000] {dagbag.py:536} INFO - Filling up the DagBag from /home/airflow/.local/lib/python3.8/site-packages/airflow/example_dags/tutorial_dag.py
[2023-12-16T10:25:50.725+0000] {processor.py:839} INFO - DAG(s) dict_keys(['tutorial_dag']) retrieved from /home/airflow/.local/lib/python3.8/site-packages/airflow/example_dags/tutorial_dag.py
[2023-12-16T10:25:50.784+0000] {logging_mixin.py:154} INFO - [2023-12-16T10:25:50.784+0000] {dag.py:2941} INFO - Sync 1 DAGs
[2023-12-16T10:25:50.799+0000] {logging_mixin.py:154} INFO - [2023-12-16T10:25:50.798+0000] {dag.py:3722} INFO - Setting next_dagrun for tutorial_dag to None, run_after=None
[2023-12-16T10:25:50.826+0000] {processor.py:179} INFO - Processing /home/airflow/.local/lib/python3.8/site-packages/airflow/example_dags/tutorial_dag.py took 0.110 seconds
[2023-12-16T10:26:20.979+0000] {processor.py:157} INFO - Started process (PID=274) to work on /home/airflow/.local/lib/python3.8/site-packages/airflow/example_dags/tutorial_dag.py
[2023-12-16T10:26:20.979+0000] {processor.py:829} INFO - Processing file /home/airflow/.local/lib/python3.8/site-packages/airflow/example_dags/tutorial_dag.py for tasks to queue
[2023-12-16T10:26:20.981+0000] {logging_mixin.py:154} INFO - [2023-12-16T10:26:20.981+0000] {dagbag.py:536} INFO - Filling up the DagBag from /home/airflow/.local/lib/python3.8/site-packages/airflow/example_dags/tutorial_dag.py
[2023-12-16T10:26:20.986+0000] {processor.py:839} INFO - DAG(s) dict_keys(['tutorial_dag']) retrieved from /home/airflow/.local/lib/python3.8/site-packages/airflow/example_dags/tutorial_dag.py
[2023-12-16T10:26:21.044+0000] {logging_mixin.py:154} INFO - [2023-12-16T10:26:21.044+0000] {dag.py:2941} INFO - Sync 1 DAGs
[2023-12-16T10:26:21.059+0000] {logging_mixin.py:154} INFO - [2023-12-16T10:26:21.059+0000] {dag.py:3722} INFO - Setting next_dagrun for tutorial_dag to None, run_after=None
[2023-12-16T10:26:21.092+0000] {processor.py:179} INFO - Processing /home/airflow/.local/lib/python3.8/site-packages/airflow/example_dags/tutorial_dag.py took 0.117 seconds
[2023-12-16T10:26:51.611+0000] {processor.py:157} INFO - Started process (PID=329) to work on /home/airflow/.local/lib/python3.8/site-packages/airflow/example_dags/tutorial_dag.py
[2023-12-16T10:26:51.612+0000] {processor.py:829} INFO - Processing file /home/airflow/.local/lib/python3.8/site-packages/airflow/example_dags/tutorial_dag.py for tasks to queue
[2023-12-16T10:26:51.614+0000] {logging_mixin.py:154} INFO - [2023-12-16T10:26:51.613+0000] {dagbag.py:536} INFO - Filling up the DagBag from /home/airflow/.local/lib/python3.8/site-packages/airflow/example_dags/tutorial_dag.py
[2023-12-16T10:26:51.618+0000] {processor.py:839} INFO - DAG(s) dict_keys(['tutorial_dag']) retrieved from /home/airflow/.local/lib/python3.8/site-packages/airflow/example_dags/tutorial_dag.py
[2023-12-16T10:26:51.676+0000] {logging_mixin.py:154} INFO - [2023-12-16T10:26:51.676+0000] {dag.py:2941} INFO - Sync 1 DAGs
[2023-12-16T10:26:51.690+0000] {logging_mixin.py:154} INFO - [2023-12-16T10:26:51.690+0000] {dag.py:3722} INFO - Setting next_dagrun for tutorial_dag to None, run_after=None
[2023-12-16T10:26:51.717+0000] {processor.py:179} INFO - Processing /home/airflow/.local/lib/python3.8/site-packages/airflow/example_dags/tutorial_dag.py took 0.109 seconds
[2023-12-16T10:27:22.121+0000] {processor.py:157} INFO - Started process (PID=384) to work on /home/airflow/.local/lib/python3.8/site-packages/airflow/example_dags/tutorial_dag.py
[2023-12-16T10:27:22.122+0000] {processor.py:829} INFO - Processing file /home/airflow/.local/lib/python3.8/site-packages/airflow/example_dags/tutorial_dag.py for tasks to queue
[2023-12-16T10:27:22.124+0000] {logging_mixin.py:154} INFO - [2023-12-16T10:27:22.124+0000] {dagbag.py:536} INFO - Filling up the DagBag from /home/airflow/.local/lib/python3.8/site-packages/airflow/example_dags/tutorial_dag.py
[2023-12-16T10:27:22.128+0000] {processor.py:839} INFO - DAG(s) dict_keys(['tutorial_dag']) retrieved from /home/airflow/.local/lib/python3.8/site-packages/airflow/example_dags/tutorial_dag.py
[2023-12-16T10:27:22.187+0000] {logging_mixin.py:154} INFO - [2023-12-16T10:27:22.187+0000] {dag.py:2941} INFO - Sync 1 DAGs
[2023-12-16T10:27:22.201+0000] {logging_mixin.py:154} INFO - [2023-12-16T10:27:22.201+0000] {dag.py:3722} INFO - Setting next_dagrun for tutorial_dag to None, run_after=None
[2023-12-16T10:27:22.226+0000] {processor.py:179} INFO - Processing /home/airflow/.local/lib/python3.8/site-packages/airflow/example_dags/tutorial_dag.py took 0.108 seconds
[2023-12-16T10:27:53.039+0000] {processor.py:157} INFO - Started process (PID=439) to work on /home/airflow/.local/lib/python3.8/site-packages/airflow/example_dags/tutorial_dag.py
[2023-12-16T10:27:53.040+0000] {processor.py:829} INFO - Processing file /home/airflow/.local/lib/python3.8/site-packages/airflow/example_dags/tutorial_dag.py for tasks to queue
[2023-12-16T10:27:53.042+0000] {logging_mixin.py:154} INFO - [2023-12-16T10:27:53.042+0000] {dagbag.py:536} INFO - Filling up the DagBag from /home/airflow/.local/lib/python3.8/site-packages/airflow/example_dags/tutorial_dag.py
[2023-12-16T10:27:53.047+0000] {processor.py:839} INFO - DAG(s) dict_keys(['tutorial_dag']) retrieved from /home/airflow/.local/lib/python3.8/site-packages/airflow/example_dags/tutorial_dag.py
[2023-12-16T10:27:53.106+0000] {logging_mixin.py:154} INFO - [2023-12-16T10:27:53.106+0000] {dag.py:2941} INFO - Sync 1 DAGs
[2023-12-16T10:27:53.120+0000] {logging_mixin.py:154} INFO - [2023-12-16T10:27:53.120+0000] {dag.py:3722} INFO - Setting next_dagrun for tutorial_dag to None, run_after=None
[2023-12-16T10:27:53.146+0000] {processor.py:179} INFO - Processing /home/airflow/.local/lib/python3.8/site-packages/airflow/example_dags/tutorial_dag.py took 0.109 seconds
[2023-12-16T10:28:23.275+0000] {processor.py:157} INFO - Started process (PID=494) to work on /home/airflow/.local/lib/python3.8/site-packages/airflow/example_dags/tutorial_dag.py
[2023-12-16T10:28:23.276+0000] {processor.py:829} INFO - Processing file /home/airflow/.local/lib/python3.8/site-packages/airflow/example_dags/tutorial_dag.py for tasks to queue
[2023-12-16T10:28:23.278+0000] {logging_mixin.py:154} INFO - [2023-12-16T10:28:23.277+0000] {dagbag.py:536} INFO - Filling up the DagBag from /home/airflow/.local/lib/python3.8/site-packages/airflow/example_dags/tutorial_dag.py
[2023-12-16T10:28:23.282+0000] {processor.py:839} INFO - DAG(s) dict_keys(['tutorial_dag']) retrieved from /home/airflow/.local/lib/python3.8/site-packages/airflow/example_dags/tutorial_dag.py
[2023-12-16T10:28:23.340+0000] {logging_mixin.py:154} INFO - [2023-12-16T10:28:23.340+0000] {dag.py:2941} INFO - Sync 1 DAGs
[2023-12-16T10:28:23.353+0000] {logging_mixin.py:154} INFO - [2023-12-16T10:28:23.353+0000] {dag.py:3722} INFO - Setting next_dagrun for tutorial_dag to None, run_after=None
[2023-12-16T10:28:23.381+0000] {processor.py:179} INFO - Processing /home/airflow/.local/lib/python3.8/site-packages/airflow/example_dags/tutorial_dag.py took 0.109 seconds
[2023-12-16T10:28:53.902+0000] {processor.py:157} INFO - Started process (PID=549) to work on /home/airflow/.local/lib/python3.8/site-packages/airflow/example_dags/tutorial_dag.py
[2023-12-16T10:28:53.903+0000] {processor.py:829} INFO - Processing file /home/airflow/.local/lib/python3.8/site-packages/airflow/example_dags/tutorial_dag.py for tasks to queue
[2023-12-16T10:28:53.905+0000] {logging_mixin.py:154} INFO - [2023-12-16T10:28:53.905+0000] {dagbag.py:536} INFO - Filling up the DagBag from /home/airflow/.local/lib/python3.8/site-packages/airflow/example_dags/tutorial_dag.py
[2023-12-16T10:28:53.910+0000] {processor.py:839} INFO - DAG(s) dict_keys(['tutorial_dag']) retrieved from /home/airflow/.local/lib/python3.8/site-packages/airflow/example_dags/tutorial_dag.py
[2023-12-16T10:28:53.974+0000] {logging_mixin.py:154} INFO - [2023-12-16T10:28:53.974+0000] {dag.py:2941} INFO - Sync 1 DAGs
[2023-12-16T10:28:53.989+0000] {logging_mixin.py:154} INFO - [2023-12-16T10:28:53.988+0000] {dag.py:3722} INFO - Setting next_dagrun for tutorial_dag to None, run_after=None
[2023-12-16T10:28:54.017+0000] {processor.py:179} INFO - Processing /home/airflow/.local/lib/python3.8/site-packages/airflow/example_dags/tutorial_dag.py took 0.118 seconds
[2023-12-16T10:29:24.171+0000] {processor.py:157} INFO - Started process (PID=603) to work on /home/airflow/.local/lib/python3.8/site-packages/airflow/example_dags/tutorial_dag.py
[2023-12-16T10:29:24.172+0000] {processor.py:829} INFO - Processing file /home/airflow/.local/lib/python3.8/site-packages/airflow/example_dags/tutorial_dag.py for tasks to queue
[2023-12-16T10:29:24.175+0000] {logging_mixin.py:154} INFO - [2023-12-16T10:29:24.174+0000] {dagbag.py:536} INFO - Filling up the DagBag from /home/airflow/.local/lib/python3.8/site-packages/airflow/example_dags/tutorial_dag.py
[2023-12-16T10:29:24.179+0000] {processor.py:839} INFO - DAG(s) dict_keys(['tutorial_dag']) retrieved from /home/airflow/.local/lib/python3.8/site-packages/airflow/example_dags/tutorial_dag.py
[2023-12-16T10:29:24.354+0000] {logging_mixin.py:154} INFO - [2023-12-16T10:29:24.354+0000] {dag.py:2941} INFO - Sync 1 DAGs
[2023-12-16T10:29:24.368+0000] {logging_mixin.py:154} INFO - [2023-12-16T10:29:24.368+0000] {dag.py:3722} INFO - Setting next_dagrun for tutorial_dag to None, run_after=None
[2023-12-16T10:29:24.398+0000] {processor.py:179} INFO - Processing /home/airflow/.local/lib/python3.8/site-packages/airflow/example_dags/tutorial_dag.py took 0.231 seconds
[2023-12-16T10:29:54.602+0000] {processor.py:157} INFO - Started process (PID=659) to work on /home/airflow/.local/lib/python3.8/site-packages/airflow/example_dags/tutorial_dag.py
[2023-12-16T10:29:54.603+0000] {processor.py:829} INFO - Processing file /home/airflow/.local/lib/python3.8/site-packages/airflow/example_dags/tutorial_dag.py for tasks to queue
[2023-12-16T10:29:54.604+0000] {logging_mixin.py:154} INFO - [2023-12-16T10:29:54.604+0000] {dagbag.py:536} INFO - Filling up the DagBag from /home/airflow/.local/lib/python3.8/site-packages/airflow/example_dags/tutorial_dag.py
[2023-12-16T10:29:54.609+0000] {processor.py:839} INFO - DAG(s) dict_keys(['tutorial_dag']) retrieved from /home/airflow/.local/lib/python3.8/site-packages/airflow/example_dags/tutorial_dag.py
[2023-12-16T10:29:54.669+0000] {logging_mixin.py:154} INFO - [2023-12-16T10:29:54.669+0000] {dag.py:2941} INFO - Sync 1 DAGs
[2023-12-16T10:29:54.683+0000] {logging_mixin.py:154} INFO - [2023-12-16T10:29:54.683+0000] {dag.py:3722} INFO - Setting next_dagrun for tutorial_dag to None, run_after=None
[2023-12-16T10:29:54.711+0000] {processor.py:179} INFO - Processing /home/airflow/.local/lib/python3.8/site-packages/airflow/example_dags/tutorial_dag.py took 0.111 seconds
[2023-12-16T10:30:24.844+0000] {processor.py:157} INFO - Started process (PID=714) to work on /home/airflow/.local/lib/python3.8/site-packages/airflow/example_dags/tutorial_dag.py
[2023-12-16T10:30:24.845+0000] {processor.py:829} INFO - Processing file /home/airflow/.local/lib/python3.8/site-packages/airflow/example_dags/tutorial_dag.py for tasks to queue
[2023-12-16T10:30:24.847+0000] {logging_mixin.py:154} INFO - [2023-12-16T10:30:24.847+0000] {dagbag.py:536} INFO - Filling up the DagBag from /home/airflow/.local/lib/python3.8/site-packages/airflow/example_dags/tutorial_dag.py
[2023-12-16T10:30:24.852+0000] {processor.py:839} INFO - DAG(s) dict_keys(['tutorial_dag']) retrieved from /home/airflow/.local/lib/python3.8/site-packages/airflow/example_dags/tutorial_dag.py
[2023-12-16T10:30:25.022+0000] {logging_mixin.py:154} INFO - [2023-12-16T10:30:25.021+0000] {dag.py:2941} INFO - Sync 1 DAGs
[2023-12-16T10:30:25.036+0000] {logging_mixin.py:154} INFO - [2023-12-16T10:30:25.036+0000] {dag.py:3722} INFO - Setting next_dagrun for tutorial_dag to None, run_after=None
[2023-12-16T10:30:25.064+0000] {processor.py:179} INFO - Processing /home/airflow/.local/lib/python3.8/site-packages/airflow/example_dags/tutorial_dag.py took 0.222 seconds
[2023-12-16T10:30:55.270+0000] {processor.py:157} INFO - Started process (PID=769) to work on /home/airflow/.local/lib/python3.8/site-packages/airflow/example_dags/tutorial_dag.py
[2023-12-16T10:30:55.271+0000] {processor.py:829} INFO - Processing file /home/airflow/.local/lib/python3.8/site-packages/airflow/example_dags/tutorial_dag.py for tasks to queue
[2023-12-16T10:30:55.273+0000] {logging_mixin.py:154} INFO - [2023-12-16T10:30:55.273+0000] {dagbag.py:536} INFO - Filling up the DagBag from /home/airflow/.local/lib/python3.8/site-packages/airflow/example_dags/tutorial_dag.py
[2023-12-16T10:30:55.277+0000] {processor.py:839} INFO - DAG(s) dict_keys(['tutorial_dag']) retrieved from /home/airflow/.local/lib/python3.8/site-packages/airflow/example_dags/tutorial_dag.py
[2023-12-16T10:30:55.343+0000] {logging_mixin.py:154} INFO - [2023-12-16T10:30:55.343+0000] {dag.py:2941} INFO - Sync 1 DAGs
[2023-12-16T10:30:55.357+0000] {logging_mixin.py:154} INFO - [2023-12-16T10:30:55.356+0000] {dag.py:3722} INFO - Setting next_dagrun for tutorial_dag to None, run_after=None
[2023-12-16T10:30:55.382+0000] {processor.py:179} INFO - Processing /home/airflow/.local/lib/python3.8/site-packages/airflow/example_dags/tutorial_dag.py took 0.114 seconds
[2023-12-16T10:31:25.423+0000] {processor.py:157} INFO - Started process (PID=824) to work on /home/airflow/.local/lib/python3.8/site-packages/airflow/example_dags/tutorial_dag.py
[2023-12-16T10:31:25.424+0000] {processor.py:829} INFO - Processing file /home/airflow/.local/lib/python3.8/site-packages/airflow/example_dags/tutorial_dag.py for tasks to queue
[2023-12-16T10:31:25.425+0000] {logging_mixin.py:154} INFO - [2023-12-16T10:31:25.425+0000] {dagbag.py:536} INFO - Filling up the DagBag from /home/airflow/.local/lib/python3.8/site-packages/airflow/example_dags/tutorial_dag.py
[2023-12-16T10:31:25.430+0000] {processor.py:839} INFO - DAG(s) dict_keys(['tutorial_dag']) retrieved from /home/airflow/.local/lib/python3.8/site-packages/airflow/example_dags/tutorial_dag.py
[2023-12-16T10:31:25.489+0000] {logging_mixin.py:154} INFO - [2023-12-16T10:31:25.488+0000] {dag.py:2941} INFO - Sync 1 DAGs
[2023-12-16T10:31:25.502+0000] {logging_mixin.py:154} INFO - [2023-12-16T10:31:25.502+0000] {dag.py:3722} INFO - Setting next_dagrun for tutorial_dag to None, run_after=None
[2023-12-16T10:31:25.530+0000] {processor.py:179} INFO - Processing /home/airflow/.local/lib/python3.8/site-packages/airflow/example_dags/tutorial_dag.py took 0.110 seconds
[2023-12-16T10:31:55.922+0000] {processor.py:157} INFO - Started process (PID=879) to work on /home/airflow/.local/lib/python3.8/site-packages/airflow/example_dags/tutorial_dag.py
[2023-12-16T10:31:55.923+0000] {processor.py:829} INFO - Processing file /home/airflow/.local/lib/python3.8/site-packages/airflow/example_dags/tutorial_dag.py for tasks to queue
[2023-12-16T10:31:55.924+0000] {logging_mixin.py:154} INFO - [2023-12-16T10:31:55.924+0000] {dagbag.py:536} INFO - Filling up the DagBag from /home/airflow/.local/lib/python3.8/site-packages/airflow/example_dags/tutorial_dag.py
[2023-12-16T10:31:55.929+0000] {processor.py:839} INFO - DAG(s) dict_keys(['tutorial_dag']) retrieved from /home/airflow/.local/lib/python3.8/site-packages/airflow/example_dags/tutorial_dag.py
[2023-12-16T10:31:55.988+0000] {logging_mixin.py:154} INFO - [2023-12-16T10:31:55.987+0000] {dag.py:2941} INFO - Sync 1 DAGs
[2023-12-16T10:31:56.002+0000] {logging_mixin.py:154} INFO - [2023-12-16T10:31:56.002+0000] {dag.py:3722} INFO - Setting next_dagrun for tutorial_dag to None, run_after=None
[2023-12-16T10:31:56.028+0000] {processor.py:179} INFO - Processing /home/airflow/.local/lib/python3.8/site-packages/airflow/example_dags/tutorial_dag.py took 0.109 seconds
[2023-12-16T10:32:26.379+0000] {processor.py:157} INFO - Started process (PID=934) to work on /home/airflow/.local/lib/python3.8/site-packages/airflow/example_dags/tutorial_dag.py
[2023-12-16T10:32:26.380+0000] {processor.py:829} INFO - Processing file /home/airflow/.local/lib/python3.8/site-packages/airflow/example_dags/tutorial_dag.py for tasks to queue
[2023-12-16T10:32:26.382+0000] {logging_mixin.py:154} INFO - [2023-12-16T10:32:26.381+0000] {dagbag.py:536} INFO - Filling up the DagBag from /home/airflow/.local/lib/python3.8/site-packages/airflow/example_dags/tutorial_dag.py
[2023-12-16T10:32:26.386+0000] {processor.py:839} INFO - DAG(s) dict_keys(['tutorial_dag']) retrieved from /home/airflow/.local/lib/python3.8/site-packages/airflow/example_dags/tutorial_dag.py
[2023-12-16T10:32:26.446+0000] {logging_mixin.py:154} INFO - [2023-12-16T10:32:26.446+0000] {dag.py:2941} INFO - Sync 1 DAGs
[2023-12-16T10:32:26.459+0000] {logging_mixin.py:154} INFO - [2023-12-16T10:32:26.459+0000] {dag.py:3722} INFO - Setting next_dagrun for tutorial_dag to None, run_after=None
[2023-12-16T10:32:26.485+0000] {processor.py:179} INFO - Processing /home/airflow/.local/lib/python3.8/site-packages/airflow/example_dags/tutorial_dag.py took 0.109 seconds
[2023-12-16T10:32:56.705+0000] {processor.py:157} INFO - Started process (PID=989) to work on /home/airflow/.local/lib/python3.8/site-packages/airflow/example_dags/tutorial_dag.py
[2023-12-16T10:32:56.706+0000] {processor.py:829} INFO - Processing file /home/airflow/.local/lib/python3.8/site-packages/airflow/example_dags/tutorial_dag.py for tasks to queue
[2023-12-16T10:32:56.707+0000] {logging_mixin.py:154} INFO - [2023-12-16T10:32:56.707+0000] {dagbag.py:536} INFO - Filling up the DagBag from /home/airflow/.local/lib/python3.8/site-packages/airflow/example_dags/tutorial_dag.py
[2023-12-16T10:32:56.712+0000] {processor.py:839} INFO - DAG(s) dict_keys(['tutorial_dag']) retrieved from /home/airflow/.local/lib/python3.8/site-packages/airflow/example_dags/tutorial_dag.py
[2023-12-16T10:32:56.770+0000] {logging_mixin.py:154} INFO - [2023-12-16T10:32:56.769+0000] {dag.py:2941} INFO - Sync 1 DAGs
[2023-12-16T10:32:56.784+0000] {logging_mixin.py:154} INFO - [2023-12-16T10:32:56.784+0000] {dag.py:3722} INFO - Setting next_dagrun for tutorial_dag to None, run_after=None
[2023-12-16T10:32:56.811+0000] {processor.py:179} INFO - Processing /home/airflow/.local/lib/python3.8/site-packages/airflow/example_dags/tutorial_dag.py took 0.109 seconds
[2023-12-16T10:33:27.431+0000] {processor.py:157} INFO - Started process (PID=1044) to work on /home/airflow/.local/lib/python3.8/site-packages/airflow/example_dags/tutorial_dag.py
[2023-12-16T10:33:27.432+0000] {processor.py:829} INFO - Processing file /home/airflow/.local/lib/python3.8/site-packages/airflow/example_dags/tutorial_dag.py for tasks to queue
[2023-12-16T10:33:27.434+0000] {logging_mixin.py:154} INFO - [2023-12-16T10:33:27.434+0000] {dagbag.py:536} INFO - Filling up the DagBag from /home/airflow/.local/lib/python3.8/site-packages/airflow/example_dags/tutorial_dag.py
[2023-12-16T10:33:27.438+0000] {processor.py:839} INFO - DAG(s) dict_keys(['tutorial_dag']) retrieved from /home/airflow/.local/lib/python3.8/site-packages/airflow/example_dags/tutorial_dag.py
[2023-12-16T10:33:27.499+0000] {logging_mixin.py:154} INFO - [2023-12-16T10:33:27.498+0000] {dag.py:2941} INFO - Sync 1 DAGs
[2023-12-16T10:33:27.512+0000] {logging_mixin.py:154} INFO - [2023-12-16T10:33:27.512+0000] {dag.py:3722} INFO - Setting next_dagrun for tutorial_dag to None, run_after=None
[2023-12-16T10:33:27.538+0000] {processor.py:179} INFO - Processing /home/airflow/.local/lib/python3.8/site-packages/airflow/example_dags/tutorial_dag.py took 0.109 seconds
[2023-12-16T10:33:58.211+0000] {processor.py:157} INFO - Started process (PID=1099) to work on /home/airflow/.local/lib/python3.8/site-packages/airflow/example_dags/tutorial_dag.py
[2023-12-16T10:33:58.211+0000] {processor.py:829} INFO - Processing file /home/airflow/.local/lib/python3.8/site-packages/airflow/example_dags/tutorial_dag.py for tasks to queue
[2023-12-16T10:33:58.213+0000] {logging_mixin.py:154} INFO - [2023-12-16T10:33:58.213+0000] {dagbag.py:536} INFO - Filling up the DagBag from /home/airflow/.local/lib/python3.8/site-packages/airflow/example_dags/tutorial_dag.py
[2023-12-16T10:33:58.217+0000] {processor.py:839} INFO - DAG(s) dict_keys(['tutorial_dag']) retrieved from /home/airflow/.local/lib/python3.8/site-packages/airflow/example_dags/tutorial_dag.py
[2023-12-16T10:33:58.277+0000] {logging_mixin.py:154} INFO - [2023-12-16T10:33:58.276+0000] {dag.py:2941} INFO - Sync 1 DAGs
[2023-12-16T10:33:58.290+0000] {logging_mixin.py:154} INFO - [2023-12-16T10:33:58.290+0000] {dag.py:3722} INFO - Setting next_dagrun for tutorial_dag to None, run_after=None
[2023-12-16T10:33:58.319+0000] {processor.py:179} INFO - Processing /home/airflow/.local/lib/python3.8/site-packages/airflow/example_dags/tutorial_dag.py took 0.111 seconds
[2023-12-16T10:34:28.733+0000] {processor.py:157} INFO - Started process (PID=1154) to work on /home/airflow/.local/lib/python3.8/site-packages/airflow/example_dags/tutorial_dag.py
[2023-12-16T10:34:28.734+0000] {processor.py:829} INFO - Processing file /home/airflow/.local/lib/python3.8/site-packages/airflow/example_dags/tutorial_dag.py for tasks to queue
[2023-12-16T10:34:28.736+0000] {logging_mixin.py:154} INFO - [2023-12-16T10:34:28.736+0000] {dagbag.py:536} INFO - Filling up the DagBag from /home/airflow/.local/lib/python3.8/site-packages/airflow/example_dags/tutorial_dag.py
[2023-12-16T10:34:28.740+0000] {processor.py:839} INFO - DAG(s) dict_keys(['tutorial_dag']) retrieved from /home/airflow/.local/lib/python3.8/site-packages/airflow/example_dags/tutorial_dag.py
[2023-12-16T10:34:28.806+0000] {logging_mixin.py:154} INFO - [2023-12-16T10:34:28.806+0000] {dag.py:2941} INFO - Sync 1 DAGs
[2023-12-16T10:34:28.824+0000] {logging_mixin.py:154} INFO - [2023-12-16T10:34:28.824+0000] {dag.py:3722} INFO - Setting next_dagrun for tutorial_dag to None, run_after=None
[2023-12-16T10:34:28.856+0000] {processor.py:179} INFO - Processing /home/airflow/.local/lib/python3.8/site-packages/airflow/example_dags/tutorial_dag.py took 0.126 seconds
[2023-12-16T10:34:59.286+0000] {processor.py:157} INFO - Started process (PID=1209) to work on /home/airflow/.local/lib/python3.8/site-packages/airflow/example_dags/tutorial_dag.py
[2023-12-16T10:34:59.287+0000] {processor.py:829} INFO - Processing file /home/airflow/.local/lib/python3.8/site-packages/airflow/example_dags/tutorial_dag.py for tasks to queue
[2023-12-16T10:34:59.289+0000] {logging_mixin.py:154} INFO - [2023-12-16T10:34:59.289+0000] {dagbag.py:536} INFO - Filling up the DagBag from /home/airflow/.local/lib/python3.8/site-packages/airflow/example_dags/tutorial_dag.py
[2023-12-16T10:34:59.293+0000] {processor.py:839} INFO - DAG(s) dict_keys(['tutorial_dag']) retrieved from /home/airflow/.local/lib/python3.8/site-packages/airflow/example_dags/tutorial_dag.py
[2023-12-16T10:34:59.352+0000] {logging_mixin.py:154} INFO - [2023-12-16T10:34:59.352+0000] {dag.py:2941} INFO - Sync 1 DAGs
[2023-12-16T10:34:59.365+0000] {logging_mixin.py:154} INFO - [2023-12-16T10:34:59.365+0000] {dag.py:3722} INFO - Setting next_dagrun for tutorial_dag to None, run_after=None
[2023-12-16T10:34:59.392+0000] {processor.py:179} INFO - Processing /home/airflow/.local/lib/python3.8/site-packages/airflow/example_dags/tutorial_dag.py took 0.108 seconds
[2023-12-16T10:35:29.525+0000] {processor.py:157} INFO - Started process (PID=1264) to work on /home/airflow/.local/lib/python3.8/site-packages/airflow/example_dags/tutorial_dag.py
[2023-12-16T10:35:29.526+0000] {processor.py:829} INFO - Processing file /home/airflow/.local/lib/python3.8/site-packages/airflow/example_dags/tutorial_dag.py for tasks to queue
[2023-12-16T10:35:29.528+0000] {logging_mixin.py:154} INFO - [2023-12-16T10:35:29.528+0000] {dagbag.py:536} INFO - Filling up the DagBag from /home/airflow/.local/lib/python3.8/site-packages/airflow/example_dags/tutorial_dag.py
[2023-12-16T10:35:29.532+0000] {processor.py:839} INFO - DAG(s) dict_keys(['tutorial_dag']) retrieved from /home/airflow/.local/lib/python3.8/site-packages/airflow/example_dags/tutorial_dag.py
[2023-12-16T10:35:29.591+0000] {logging_mixin.py:154} INFO - [2023-12-16T10:35:29.591+0000] {dag.py:2941} INFO - Sync 1 DAGs
[2023-12-16T10:35:29.606+0000] {logging_mixin.py:154} INFO - [2023-12-16T10:35:29.605+0000] {dag.py:3722} INFO - Setting next_dagrun for tutorial_dag to None, run_after=None
[2023-12-16T10:35:29.632+0000] {processor.py:179} INFO - Processing /home/airflow/.local/lib/python3.8/site-packages/airflow/example_dags/tutorial_dag.py took 0.109 seconds
[2023-12-16T10:35:59.868+0000] {processor.py:157} INFO - Started process (PID=1319) to work on /home/airflow/.local/lib/python3.8/site-packages/airflow/example_dags/tutorial_dag.py
[2023-12-16T10:35:59.869+0000] {processor.py:829} INFO - Processing file /home/airflow/.local/lib/python3.8/site-packages/airflow/example_dags/tutorial_dag.py for tasks to queue
[2023-12-16T10:35:59.871+0000] {logging_mixin.py:154} INFO - [2023-12-16T10:35:59.871+0000] {dagbag.py:536} INFO - Filling up the DagBag from /home/airflow/.local/lib/python3.8/site-packages/airflow/example_dags/tutorial_dag.py
[2023-12-16T10:35:59.875+0000] {processor.py:839} INFO - DAG(s) dict_keys(['tutorial_dag']) retrieved from /home/airflow/.local/lib/python3.8/site-packages/airflow/example_dags/tutorial_dag.py
[2023-12-16T10:36:00.035+0000] {logging_mixin.py:154} INFO - [2023-12-16T10:36:00.035+0000] {dag.py:2941} INFO - Sync 1 DAGs
[2023-12-16T10:36:00.049+0000] {logging_mixin.py:154} INFO - [2023-12-16T10:36:00.049+0000] {dag.py:3722} INFO - Setting next_dagrun for tutorial_dag to None, run_after=None
[2023-12-16T10:36:00.074+0000] {processor.py:179} INFO - Processing /home/airflow/.local/lib/python3.8/site-packages/airflow/example_dags/tutorial_dag.py took 0.208 seconds
[2023-12-16T10:36:30.370+0000] {processor.py:157} INFO - Started process (PID=1375) to work on /home/airflow/.local/lib/python3.8/site-packages/airflow/example_dags/tutorial_dag.py
[2023-12-16T10:36:30.371+0000] {processor.py:829} INFO - Processing file /home/airflow/.local/lib/python3.8/site-packages/airflow/example_dags/tutorial_dag.py for tasks to queue
[2023-12-16T10:36:30.372+0000] {logging_mixin.py:154} INFO - [2023-12-16T10:36:30.372+0000] {dagbag.py:536} INFO - Filling up the DagBag from /home/airflow/.local/lib/python3.8/site-packages/airflow/example_dags/tutorial_dag.py
[2023-12-16T10:36:30.377+0000] {processor.py:839} INFO - DAG(s) dict_keys(['tutorial_dag']) retrieved from /home/airflow/.local/lib/python3.8/site-packages/airflow/example_dags/tutorial_dag.py
[2023-12-16T10:36:30.550+0000] {logging_mixin.py:154} INFO - [2023-12-16T10:36:30.550+0000] {dag.py:2941} INFO - Sync 1 DAGs
[2023-12-16T10:36:30.564+0000] {logging_mixin.py:154} INFO - [2023-12-16T10:36:30.564+0000] {dag.py:3722} INFO - Setting next_dagrun for tutorial_dag to None, run_after=None
[2023-12-16T10:36:30.591+0000] {processor.py:179} INFO - Processing /home/airflow/.local/lib/python3.8/site-packages/airflow/example_dags/tutorial_dag.py took 0.224 seconds
[2023-12-16T10:37:01.083+0000] {processor.py:157} INFO - Started process (PID=1430) to work on /home/airflow/.local/lib/python3.8/site-packages/airflow/example_dags/tutorial_dag.py
[2023-12-16T10:37:01.084+0000] {processor.py:829} INFO - Processing file /home/airflow/.local/lib/python3.8/site-packages/airflow/example_dags/tutorial_dag.py for tasks to queue
[2023-12-16T10:37:01.086+0000] {logging_mixin.py:154} INFO - [2023-12-16T10:37:01.086+0000] {dagbag.py:536} INFO - Filling up the DagBag from /home/airflow/.local/lib/python3.8/site-packages/airflow/example_dags/tutorial_dag.py
[2023-12-16T10:37:01.090+0000] {processor.py:839} INFO - DAG(s) dict_keys(['tutorial_dag']) retrieved from /home/airflow/.local/lib/python3.8/site-packages/airflow/example_dags/tutorial_dag.py
[2023-12-16T10:37:01.149+0000] {logging_mixin.py:154} INFO - [2023-12-16T10:37:01.149+0000] {dag.py:2941} INFO - Sync 1 DAGs
[2023-12-16T10:37:01.163+0000] {logging_mixin.py:154} INFO - [2023-12-16T10:37:01.163+0000] {dag.py:3722} INFO - Setting next_dagrun for tutorial_dag to None, run_after=None
[2023-12-16T10:37:01.190+0000] {processor.py:179} INFO - Processing /home/airflow/.local/lib/python3.8/site-packages/airflow/example_dags/tutorial_dag.py took 0.109 seconds
[2023-12-16T10:37:32.054+0000] {processor.py:157} INFO - Started process (PID=1485) to work on /home/airflow/.local/lib/python3.8/site-packages/airflow/example_dags/tutorial_dag.py
[2023-12-16T10:37:32.055+0000] {processor.py:829} INFO - Processing file /home/airflow/.local/lib/python3.8/site-packages/airflow/example_dags/tutorial_dag.py for tasks to queue
[2023-12-16T10:37:32.057+0000] {logging_mixin.py:154} INFO - [2023-12-16T10:37:32.056+0000] {dagbag.py:536} INFO - Filling up the DagBag from /home/airflow/.local/lib/python3.8/site-packages/airflow/example_dags/tutorial_dag.py
[2023-12-16T10:37:32.061+0000] {processor.py:839} INFO - DAG(s) dict_keys(['tutorial_dag']) retrieved from /home/airflow/.local/lib/python3.8/site-packages/airflow/example_dags/tutorial_dag.py
[2023-12-16T10:37:32.119+0000] {logging_mixin.py:154} INFO - [2023-12-16T10:37:32.119+0000] {dag.py:2941} INFO - Sync 1 DAGs
[2023-12-16T10:37:32.133+0000] {logging_mixin.py:154} INFO - [2023-12-16T10:37:32.133+0000] {dag.py:3722} INFO - Setting next_dagrun for tutorial_dag to None, run_after=None
[2023-12-16T10:37:32.162+0000] {processor.py:179} INFO - Processing /home/airflow/.local/lib/python3.8/site-packages/airflow/example_dags/tutorial_dag.py took 0.111 seconds
[2023-12-16T10:38:02.266+0000] {processor.py:157} INFO - Started process (PID=1540) to work on /home/airflow/.local/lib/python3.8/site-packages/airflow/example_dags/tutorial_dag.py
[2023-12-16T10:38:02.267+0000] {processor.py:829} INFO - Processing file /home/airflow/.local/lib/python3.8/site-packages/airflow/example_dags/tutorial_dag.py for tasks to queue
[2023-12-16T10:38:02.269+0000] {logging_mixin.py:154} INFO - [2023-12-16T10:38:02.268+0000] {dagbag.py:536} INFO - Filling up the DagBag from /home/airflow/.local/lib/python3.8/site-packages/airflow/example_dags/tutorial_dag.py
[2023-12-16T10:38:02.273+0000] {processor.py:839} INFO - DAG(s) dict_keys(['tutorial_dag']) retrieved from /home/airflow/.local/lib/python3.8/site-packages/airflow/example_dags/tutorial_dag.py
[2023-12-16T10:38:02.332+0000] {logging_mixin.py:154} INFO - [2023-12-16T10:38:02.332+0000] {dag.py:2941} INFO - Sync 1 DAGs
[2023-12-16T10:38:02.345+0000] {logging_mixin.py:154} INFO - [2023-12-16T10:38:02.345+0000] {dag.py:3722} INFO - Setting next_dagrun for tutorial_dag to None, run_after=None
[2023-12-16T10:38:02.373+0000] {processor.py:179} INFO - Processing /home/airflow/.local/lib/python3.8/site-packages/airflow/example_dags/tutorial_dag.py took 0.110 seconds
[2023-12-16T10:38:32.633+0000] {processor.py:157} INFO - Started process (PID=1595) to work on /home/airflow/.local/lib/python3.8/site-packages/airflow/example_dags/tutorial_dag.py
[2023-12-16T10:38:32.633+0000] {processor.py:829} INFO - Processing file /home/airflow/.local/lib/python3.8/site-packages/airflow/example_dags/tutorial_dag.py for tasks to queue
[2023-12-16T10:38:32.635+0000] {logging_mixin.py:154} INFO - [2023-12-16T10:38:32.635+0000] {dagbag.py:536} INFO - Filling up the DagBag from /home/airflow/.local/lib/python3.8/site-packages/airflow/example_dags/tutorial_dag.py
[2023-12-16T10:38:32.639+0000] {processor.py:839} INFO - DAG(s) dict_keys(['tutorial_dag']) retrieved from /home/airflow/.local/lib/python3.8/site-packages/airflow/example_dags/tutorial_dag.py
[2023-12-16T10:38:32.699+0000] {logging_mixin.py:154} INFO - [2023-12-16T10:38:32.698+0000] {dag.py:2941} INFO - Sync 1 DAGs
[2023-12-16T10:38:32.714+0000] {logging_mixin.py:154} INFO - [2023-12-16T10:38:32.714+0000] {dag.py:3722} INFO - Setting next_dagrun for tutorial_dag to None, run_after=None
[2023-12-16T10:38:32.741+0000] {processor.py:179} INFO - Processing /home/airflow/.local/lib/python3.8/site-packages/airflow/example_dags/tutorial_dag.py took 0.111 seconds
[2023-12-16T10:39:02.943+0000] {processor.py:157} INFO - Started process (PID=1650) to work on /home/airflow/.local/lib/python3.8/site-packages/airflow/example_dags/tutorial_dag.py
[2023-12-16T10:39:02.944+0000] {processor.py:829} INFO - Processing file /home/airflow/.local/lib/python3.8/site-packages/airflow/example_dags/tutorial_dag.py for tasks to queue
[2023-12-16T10:39:02.946+0000] {logging_mixin.py:154} INFO - [2023-12-16T10:39:02.946+0000] {dagbag.py:536} INFO - Filling up the DagBag from /home/airflow/.local/lib/python3.8/site-packages/airflow/example_dags/tutorial_dag.py
[2023-12-16T10:39:02.950+0000] {processor.py:839} INFO - DAG(s) dict_keys(['tutorial_dag']) retrieved from /home/airflow/.local/lib/python3.8/site-packages/airflow/example_dags/tutorial_dag.py
[2023-12-16T10:39:03.009+0000] {logging_mixin.py:154} INFO - [2023-12-16T10:39:03.009+0000] {dag.py:2941} INFO - Sync 1 DAGs
[2023-12-16T10:39:03.024+0000] {logging_mixin.py:154} INFO - [2023-12-16T10:39:03.023+0000] {dag.py:3722} INFO - Setting next_dagrun for tutorial_dag to None, run_after=None
[2023-12-16T10:39:03.050+0000] {processor.py:179} INFO - Processing /home/airflow/.local/lib/python3.8/site-packages/airflow/example_dags/tutorial_dag.py took 0.109 seconds
[2023-12-16T10:39:33.313+0000] {processor.py:157} INFO - Started process (PID=1705) to work on /home/airflow/.local/lib/python3.8/site-packages/airflow/example_dags/tutorial_dag.py
[2023-12-16T10:39:33.314+0000] {processor.py:829} INFO - Processing file /home/airflow/.local/lib/python3.8/site-packages/airflow/example_dags/tutorial_dag.py for tasks to queue
[2023-12-16T10:39:33.315+0000] {logging_mixin.py:154} INFO - [2023-12-16T10:39:33.315+0000] {dagbag.py:536} INFO - Filling up the DagBag from /home/airflow/.local/lib/python3.8/site-packages/airflow/example_dags/tutorial_dag.py
[2023-12-16T10:39:33.320+0000] {processor.py:839} INFO - DAG(s) dict_keys(['tutorial_dag']) retrieved from /home/airflow/.local/lib/python3.8/site-packages/airflow/example_dags/tutorial_dag.py
[2023-12-16T10:39:33.380+0000] {logging_mixin.py:154} INFO - [2023-12-16T10:39:33.380+0000] {dag.py:2941} INFO - Sync 1 DAGs
[2023-12-16T10:39:33.395+0000] {logging_mixin.py:154} INFO - [2023-12-16T10:39:33.395+0000] {dag.py:3722} INFO - Setting next_dagrun for tutorial_dag to None, run_after=None
[2023-12-16T10:39:33.423+0000] {processor.py:179} INFO - Processing /home/airflow/.local/lib/python3.8/site-packages/airflow/example_dags/tutorial_dag.py took 0.113 seconds
[2023-12-16T10:40:03.879+0000] {processor.py:157} INFO - Started process (PID=1760) to work on /home/airflow/.local/lib/python3.8/site-packages/airflow/example_dags/tutorial_dag.py
[2023-12-16T10:40:03.880+0000] {processor.py:829} INFO - Processing file /home/airflow/.local/lib/python3.8/site-packages/airflow/example_dags/tutorial_dag.py for tasks to queue
[2023-12-16T10:40:03.882+0000] {logging_mixin.py:154} INFO - [2023-12-16T10:40:03.881+0000] {dagbag.py:536} INFO - Filling up the DagBag from /home/airflow/.local/lib/python3.8/site-packages/airflow/example_dags/tutorial_dag.py
[2023-12-16T10:40:03.886+0000] {processor.py:839} INFO - DAG(s) dict_keys(['tutorial_dag']) retrieved from /home/airflow/.local/lib/python3.8/site-packages/airflow/example_dags/tutorial_dag.py
[2023-12-16T10:40:03.946+0000] {logging_mixin.py:154} INFO - [2023-12-16T10:40:03.946+0000] {dag.py:2941} INFO - Sync 1 DAGs
[2023-12-16T10:40:03.960+0000] {logging_mixin.py:154} INFO - [2023-12-16T10:40:03.959+0000] {dag.py:3722} INFO - Setting next_dagrun for tutorial_dag to None, run_after=None
[2023-12-16T10:40:03.987+0000] {processor.py:179} INFO - Processing /home/airflow/.local/lib/python3.8/site-packages/airflow/example_dags/tutorial_dag.py took 0.111 seconds
[2023-12-16T10:40:34.220+0000] {processor.py:157} INFO - Started process (PID=1815) to work on /home/airflow/.local/lib/python3.8/site-packages/airflow/example_dags/tutorial_dag.py
[2023-12-16T10:40:34.221+0000] {processor.py:829} INFO - Processing file /home/airflow/.local/lib/python3.8/site-packages/airflow/example_dags/tutorial_dag.py for tasks to queue
[2023-12-16T10:40:34.223+0000] {logging_mixin.py:154} INFO - [2023-12-16T10:40:34.223+0000] {dagbag.py:536} INFO - Filling up the DagBag from /home/airflow/.local/lib/python3.8/site-packages/airflow/example_dags/tutorial_dag.py
[2023-12-16T10:40:34.227+0000] {processor.py:839} INFO - DAG(s) dict_keys(['tutorial_dag']) retrieved from /home/airflow/.local/lib/python3.8/site-packages/airflow/example_dags/tutorial_dag.py
[2023-12-16T10:40:34.287+0000] {logging_mixin.py:154} INFO - [2023-12-16T10:40:34.287+0000] {dag.py:2941} INFO - Sync 1 DAGs
[2023-12-16T10:40:34.300+0000] {logging_mixin.py:154} INFO - [2023-12-16T10:40:34.300+0000] {dag.py:3722} INFO - Setting next_dagrun for tutorial_dag to None, run_after=None
[2023-12-16T10:40:34.326+0000] {processor.py:179} INFO - Processing /home/airflow/.local/lib/python3.8/site-packages/airflow/example_dags/tutorial_dag.py took 0.108 seconds
[2023-12-16T10:41:04.816+0000] {processor.py:157} INFO - Started process (PID=1870) to work on /home/airflow/.local/lib/python3.8/site-packages/airflow/example_dags/tutorial_dag.py
[2023-12-16T10:41:04.817+0000] {processor.py:829} INFO - Processing file /home/airflow/.local/lib/python3.8/site-packages/airflow/example_dags/tutorial_dag.py for tasks to queue
[2023-12-16T10:41:04.819+0000] {logging_mixin.py:154} INFO - [2023-12-16T10:41:04.819+0000] {dagbag.py:536} INFO - Filling up the DagBag from /home/airflow/.local/lib/python3.8/site-packages/airflow/example_dags/tutorial_dag.py
[2023-12-16T10:41:04.824+0000] {processor.py:839} INFO - DAG(s) dict_keys(['tutorial_dag']) retrieved from /home/airflow/.local/lib/python3.8/site-packages/airflow/example_dags/tutorial_dag.py
[2023-12-16T10:41:04.883+0000] {logging_mixin.py:154} INFO - [2023-12-16T10:41:04.883+0000] {dag.py:2941} INFO - Sync 1 DAGs
[2023-12-16T10:41:04.897+0000] {logging_mixin.py:154} INFO - [2023-12-16T10:41:04.897+0000] {dag.py:3722} INFO - Setting next_dagrun for tutorial_dag to None, run_after=None
[2023-12-16T10:41:04.925+0000] {processor.py:179} INFO - Processing /home/airflow/.local/lib/python3.8/site-packages/airflow/example_dags/tutorial_dag.py took 0.111 seconds
[2023-12-16T10:41:35.221+0000] {processor.py:157} INFO - Started process (PID=1925) to work on /home/airflow/.local/lib/python3.8/site-packages/airflow/example_dags/tutorial_dag.py
[2023-12-16T10:41:35.222+0000] {processor.py:829} INFO - Processing file /home/airflow/.local/lib/python3.8/site-packages/airflow/example_dags/tutorial_dag.py for tasks to queue
[2023-12-16T10:41:35.224+0000] {logging_mixin.py:154} INFO - [2023-12-16T10:41:35.223+0000] {dagbag.py:536} INFO - Filling up the DagBag from /home/airflow/.local/lib/python3.8/site-packages/airflow/example_dags/tutorial_dag.py
[2023-12-16T10:41:35.228+0000] {processor.py:839} INFO - DAG(s) dict_keys(['tutorial_dag']) retrieved from /home/airflow/.local/lib/python3.8/site-packages/airflow/example_dags/tutorial_dag.py
[2023-12-16T10:41:35.288+0000] {logging_mixin.py:154} INFO - [2023-12-16T10:41:35.288+0000] {dag.py:2941} INFO - Sync 1 DAGs
[2023-12-16T10:41:35.303+0000] {logging_mixin.py:154} INFO - [2023-12-16T10:41:35.303+0000] {dag.py:3722} INFO - Setting next_dagrun for tutorial_dag to None, run_after=None
[2023-12-16T10:41:35.328+0000] {processor.py:179} INFO - Processing /home/airflow/.local/lib/python3.8/site-packages/airflow/example_dags/tutorial_dag.py took 0.110 seconds
[2023-12-16T10:42:05.917+0000] {processor.py:157} INFO - Started process (PID=1980) to work on /home/airflow/.local/lib/python3.8/site-packages/airflow/example_dags/tutorial_dag.py
[2023-12-16T10:42:05.918+0000] {processor.py:829} INFO - Processing file /home/airflow/.local/lib/python3.8/site-packages/airflow/example_dags/tutorial_dag.py for tasks to queue
[2023-12-16T10:42:05.920+0000] {logging_mixin.py:154} INFO - [2023-12-16T10:42:05.919+0000] {dagbag.py:536} INFO - Filling up the DagBag from /home/airflow/.local/lib/python3.8/site-packages/airflow/example_dags/tutorial_dag.py
[2023-12-16T10:42:05.924+0000] {processor.py:839} INFO - DAG(s) dict_keys(['tutorial_dag']) retrieved from /home/airflow/.local/lib/python3.8/site-packages/airflow/example_dags/tutorial_dag.py
[2023-12-16T10:42:06.088+0000] {logging_mixin.py:154} INFO - [2023-12-16T10:42:06.088+0000] {dag.py:2941} INFO - Sync 1 DAGs
[2023-12-16T10:42:06.102+0000] {logging_mixin.py:154} INFO - [2023-12-16T10:42:06.102+0000] {dag.py:3722} INFO - Setting next_dagrun for tutorial_dag to None, run_after=None
[2023-12-16T10:42:06.132+0000] {processor.py:179} INFO - Processing /home/airflow/.local/lib/python3.8/site-packages/airflow/example_dags/tutorial_dag.py took 0.218 seconds
[2023-12-16T10:42:36.210+0000] {processor.py:157} INFO - Started process (PID=2035) to work on /home/airflow/.local/lib/python3.8/site-packages/airflow/example_dags/tutorial_dag.py
[2023-12-16T10:42:36.211+0000] {processor.py:829} INFO - Processing file /home/airflow/.local/lib/python3.8/site-packages/airflow/example_dags/tutorial_dag.py for tasks to queue
[2023-12-16T10:42:36.212+0000] {logging_mixin.py:154} INFO - [2023-12-16T10:42:36.212+0000] {dagbag.py:536} INFO - Filling up the DagBag from /home/airflow/.local/lib/python3.8/site-packages/airflow/example_dags/tutorial_dag.py
[2023-12-16T10:42:36.217+0000] {processor.py:839} INFO - DAG(s) dict_keys(['tutorial_dag']) retrieved from /home/airflow/.local/lib/python3.8/site-packages/airflow/example_dags/tutorial_dag.py
[2023-12-16T10:42:36.286+0000] {logging_mixin.py:154} INFO - [2023-12-16T10:42:36.286+0000] {dag.py:2941} INFO - Sync 1 DAGs
[2023-12-16T10:42:36.300+0000] {logging_mixin.py:154} INFO - [2023-12-16T10:42:36.300+0000] {dag.py:3722} INFO - Setting next_dagrun for tutorial_dag to None, run_after=None
[2023-12-16T10:42:36.327+0000] {processor.py:179} INFO - Processing /home/airflow/.local/lib/python3.8/site-packages/airflow/example_dags/tutorial_dag.py took 0.119 seconds
[2023-12-16T10:43:06.817+0000] {processor.py:157} INFO - Started process (PID=2090) to work on /home/airflow/.local/lib/python3.8/site-packages/airflow/example_dags/tutorial_dag.py
[2023-12-16T10:43:06.818+0000] {processor.py:829} INFO - Processing file /home/airflow/.local/lib/python3.8/site-packages/airflow/example_dags/tutorial_dag.py for tasks to queue
[2023-12-16T10:43:06.820+0000] {logging_mixin.py:154} INFO - [2023-12-16T10:43:06.820+0000] {dagbag.py:536} INFO - Filling up the DagBag from /home/airflow/.local/lib/python3.8/site-packages/airflow/example_dags/tutorial_dag.py
[2023-12-16T10:43:06.825+0000] {processor.py:839} INFO - DAG(s) dict_keys(['tutorial_dag']) retrieved from /home/airflow/.local/lib/python3.8/site-packages/airflow/example_dags/tutorial_dag.py
[2023-12-16T10:43:06.884+0000] {logging_mixin.py:154} INFO - [2023-12-16T10:43:06.883+0000] {dag.py:2941} INFO - Sync 1 DAGs
[2023-12-16T10:43:06.898+0000] {logging_mixin.py:154} INFO - [2023-12-16T10:43:06.898+0000] {dag.py:3722} INFO - Setting next_dagrun for tutorial_dag to None, run_after=None
[2023-12-16T10:43:06.926+0000] {processor.py:179} INFO - Processing /home/airflow/.local/lib/python3.8/site-packages/airflow/example_dags/tutorial_dag.py took 0.111 seconds
[2023-12-16T10:43:37.028+0000] {processor.py:157} INFO - Started process (PID=2145) to work on /home/airflow/.local/lib/python3.8/site-packages/airflow/example_dags/tutorial_dag.py
[2023-12-16T10:43:37.029+0000] {processor.py:829} INFO - Processing file /home/airflow/.local/lib/python3.8/site-packages/airflow/example_dags/tutorial_dag.py for tasks to queue
[2023-12-16T10:43:37.031+0000] {logging_mixin.py:154} INFO - [2023-12-16T10:43:37.031+0000] {dagbag.py:536} INFO - Filling up the DagBag from /home/airflow/.local/lib/python3.8/site-packages/airflow/example_dags/tutorial_dag.py
[2023-12-16T10:43:37.035+0000] {processor.py:839} INFO - DAG(s) dict_keys(['tutorial_dag']) retrieved from /home/airflow/.local/lib/python3.8/site-packages/airflow/example_dags/tutorial_dag.py
[2023-12-16T10:43:37.095+0000] {logging_mixin.py:154} INFO - [2023-12-16T10:43:37.095+0000] {dag.py:2941} INFO - Sync 1 DAGs
[2023-12-16T10:43:37.108+0000] {logging_mixin.py:154} INFO - [2023-12-16T10:43:37.108+0000] {dag.py:3722} INFO - Setting next_dagrun for tutorial_dag to None, run_after=None
[2023-12-16T10:43:37.135+0000] {processor.py:179} INFO - Processing /home/airflow/.local/lib/python3.8/site-packages/airflow/example_dags/tutorial_dag.py took 0.109 seconds
[2023-12-16T10:44:07.454+0000] {processor.py:157} INFO - Started process (PID=2199) to work on /home/airflow/.local/lib/python3.8/site-packages/airflow/example_dags/tutorial_dag.py
[2023-12-16T10:44:07.455+0000] {processor.py:829} INFO - Processing file /home/airflow/.local/lib/python3.8/site-packages/airflow/example_dags/tutorial_dag.py for tasks to queue
[2023-12-16T10:44:07.457+0000] {logging_mixin.py:154} INFO - [2023-12-16T10:44:07.457+0000] {dagbag.py:536} INFO - Filling up the DagBag from /home/airflow/.local/lib/python3.8/site-packages/airflow/example_dags/tutorial_dag.py
[2023-12-16T10:44:07.461+0000] {processor.py:839} INFO - DAG(s) dict_keys(['tutorial_dag']) retrieved from /home/airflow/.local/lib/python3.8/site-packages/airflow/example_dags/tutorial_dag.py
[2023-12-16T10:44:07.520+0000] {logging_mixin.py:154} INFO - [2023-12-16T10:44:07.520+0000] {dag.py:2941} INFO - Sync 1 DAGs
[2023-12-16T10:44:07.533+0000] {logging_mixin.py:154} INFO - [2023-12-16T10:44:07.533+0000] {dag.py:3722} INFO - Setting next_dagrun for tutorial_dag to None, run_after=None
[2023-12-16T10:44:07.560+0000] {processor.py:179} INFO - Processing /home/airflow/.local/lib/python3.8/site-packages/airflow/example_dags/tutorial_dag.py took 0.108 seconds
[2023-12-16T10:44:38.141+0000] {processor.py:157} INFO - Started process (PID=2255) to work on /home/airflow/.local/lib/python3.8/site-packages/airflow/example_dags/tutorial_dag.py
[2023-12-16T10:44:38.142+0000] {processor.py:829} INFO - Processing file /home/airflow/.local/lib/python3.8/site-packages/airflow/example_dags/tutorial_dag.py for tasks to queue
[2023-12-16T10:44:38.143+0000] {logging_mixin.py:154} INFO - [2023-12-16T10:44:38.143+0000] {dagbag.py:536} INFO - Filling up the DagBag from /home/airflow/.local/lib/python3.8/site-packages/airflow/example_dags/tutorial_dag.py
[2023-12-16T10:44:38.147+0000] {processor.py:839} INFO - DAG(s) dict_keys(['tutorial_dag']) retrieved from /home/airflow/.local/lib/python3.8/site-packages/airflow/example_dags/tutorial_dag.py
[2023-12-16T10:44:38.207+0000] {logging_mixin.py:154} INFO - [2023-12-16T10:44:38.207+0000] {dag.py:2941} INFO - Sync 1 DAGs
[2023-12-16T10:44:38.222+0000] {logging_mixin.py:154} INFO - [2023-12-16T10:44:38.222+0000] {dag.py:3722} INFO - Setting next_dagrun for tutorial_dag to None, run_after=None
[2023-12-16T10:44:38.249+0000] {processor.py:179} INFO - Processing /home/airflow/.local/lib/python3.8/site-packages/airflow/example_dags/tutorial_dag.py took 0.110 seconds
[2023-12-16T10:45:09.214+0000] {processor.py:157} INFO - Started process (PID=2317) to work on /home/airflow/.local/lib/python3.8/site-packages/airflow/example_dags/tutorial_dag.py
[2023-12-16T10:45:09.215+0000] {processor.py:829} INFO - Processing file /home/airflow/.local/lib/python3.8/site-packages/airflow/example_dags/tutorial_dag.py for tasks to queue
[2023-12-16T10:45:09.217+0000] {logging_mixin.py:154} INFO - [2023-12-16T10:45:09.217+0000] {dagbag.py:536} INFO - Filling up the DagBag from /home/airflow/.local/lib/python3.8/site-packages/airflow/example_dags/tutorial_dag.py
[2023-12-16T10:45:09.222+0000] {processor.py:839} INFO - DAG(s) dict_keys(['tutorial_dag']) retrieved from /home/airflow/.local/lib/python3.8/site-packages/airflow/example_dags/tutorial_dag.py
[2023-12-16T10:45:09.285+0000] {logging_mixin.py:154} INFO - [2023-12-16T10:45:09.285+0000] {dag.py:2941} INFO - Sync 1 DAGs
[2023-12-16T10:45:09.300+0000] {logging_mixin.py:154} INFO - [2023-12-16T10:45:09.300+0000] {dag.py:3722} INFO - Setting next_dagrun for tutorial_dag to None, run_after=None
[2023-12-16T10:45:09.329+0000] {processor.py:179} INFO - Processing /home/airflow/.local/lib/python3.8/site-packages/airflow/example_dags/tutorial_dag.py took 0.118 seconds
[2023-12-16T10:45:39.601+0000] {processor.py:157} INFO - Started process (PID=2372) to work on /home/airflow/.local/lib/python3.8/site-packages/airflow/example_dags/tutorial_dag.py
[2023-12-16T10:45:39.602+0000] {processor.py:829} INFO - Processing file /home/airflow/.local/lib/python3.8/site-packages/airflow/example_dags/tutorial_dag.py for tasks to queue
[2023-12-16T10:45:39.604+0000] {logging_mixin.py:154} INFO - [2023-12-16T10:45:39.604+0000] {dagbag.py:536} INFO - Filling up the DagBag from /home/airflow/.local/lib/python3.8/site-packages/airflow/example_dags/tutorial_dag.py
[2023-12-16T10:45:39.608+0000] {processor.py:839} INFO - DAG(s) dict_keys(['tutorial_dag']) retrieved from /home/airflow/.local/lib/python3.8/site-packages/airflow/example_dags/tutorial_dag.py
[2023-12-16T10:45:39.772+0000] {logging_mixin.py:154} INFO - [2023-12-16T10:45:39.771+0000] {dag.py:2941} INFO - Sync 1 DAGs
[2023-12-16T10:45:39.786+0000] {logging_mixin.py:154} INFO - [2023-12-16T10:45:39.785+0000] {dag.py:3722} INFO - Setting next_dagrun for tutorial_dag to None, run_after=None
[2023-12-16T10:45:39.814+0000] {processor.py:179} INFO - Processing /home/airflow/.local/lib/python3.8/site-packages/airflow/example_dags/tutorial_dag.py took 0.215 seconds
[2023-12-16T10:46:10.345+0000] {processor.py:157} INFO - Started process (PID=2427) to work on /home/airflow/.local/lib/python3.8/site-packages/airflow/example_dags/tutorial_dag.py
[2023-12-16T10:46:10.346+0000] {processor.py:829} INFO - Processing file /home/airflow/.local/lib/python3.8/site-packages/airflow/example_dags/tutorial_dag.py for tasks to queue
[2023-12-16T10:46:10.347+0000] {logging_mixin.py:154} INFO - [2023-12-16T10:46:10.347+0000] {dagbag.py:536} INFO - Filling up the DagBag from /home/airflow/.local/lib/python3.8/site-packages/airflow/example_dags/tutorial_dag.py
[2023-12-16T10:46:10.351+0000] {processor.py:839} INFO - DAG(s) dict_keys(['tutorial_dag']) retrieved from /home/airflow/.local/lib/python3.8/site-packages/airflow/example_dags/tutorial_dag.py
[2023-12-16T10:46:10.418+0000] {logging_mixin.py:154} INFO - [2023-12-16T10:46:10.418+0000] {dag.py:2941} INFO - Sync 1 DAGs
[2023-12-16T10:46:10.432+0000] {logging_mixin.py:154} INFO - [2023-12-16T10:46:10.432+0000] {dag.py:3722} INFO - Setting next_dagrun for tutorial_dag to None, run_after=None
[2023-12-16T10:46:10.460+0000] {processor.py:179} INFO - Processing /home/airflow/.local/lib/python3.8/site-packages/airflow/example_dags/tutorial_dag.py took 0.118 seconds
[2023-12-16T10:46:40.907+0000] {processor.py:157} INFO - Started process (PID=2482) to work on /home/airflow/.local/lib/python3.8/site-packages/airflow/example_dags/tutorial_dag.py
[2023-12-16T10:46:40.908+0000] {processor.py:829} INFO - Processing file /home/airflow/.local/lib/python3.8/site-packages/airflow/example_dags/tutorial_dag.py for tasks to queue
[2023-12-16T10:46:40.910+0000] {logging_mixin.py:154} INFO - [2023-12-16T10:46:40.910+0000] {dagbag.py:536} INFO - Filling up the DagBag from /home/airflow/.local/lib/python3.8/site-packages/airflow/example_dags/tutorial_dag.py
[2023-12-16T10:46:40.914+0000] {processor.py:839} INFO - DAG(s) dict_keys(['tutorial_dag']) retrieved from /home/airflow/.local/lib/python3.8/site-packages/airflow/example_dags/tutorial_dag.py
[2023-12-16T10:46:40.971+0000] {logging_mixin.py:154} INFO - [2023-12-16T10:46:40.971+0000] {dag.py:2941} INFO - Sync 1 DAGs
[2023-12-16T10:46:40.985+0000] {logging_mixin.py:154} INFO - [2023-12-16T10:46:40.985+0000] {dag.py:3722} INFO - Setting next_dagrun for tutorial_dag to None, run_after=None
[2023-12-16T10:46:41.013+0000] {processor.py:179} INFO - Processing /home/airflow/.local/lib/python3.8/site-packages/airflow/example_dags/tutorial_dag.py took 0.108 seconds
[2023-12-16T10:47:11.666+0000] {processor.py:157} INFO - Started process (PID=2537) to work on /home/airflow/.local/lib/python3.8/site-packages/airflow/example_dags/tutorial_dag.py
[2023-12-16T10:47:11.667+0000] {processor.py:829} INFO - Processing file /home/airflow/.local/lib/python3.8/site-packages/airflow/example_dags/tutorial_dag.py for tasks to queue
[2023-12-16T10:47:11.669+0000] {logging_mixin.py:154} INFO - [2023-12-16T10:47:11.669+0000] {dagbag.py:536} INFO - Filling up the DagBag from /home/airflow/.local/lib/python3.8/site-packages/airflow/example_dags/tutorial_dag.py
[2023-12-16T10:47:11.673+0000] {processor.py:839} INFO - DAG(s) dict_keys(['tutorial_dag']) retrieved from /home/airflow/.local/lib/python3.8/site-packages/airflow/example_dags/tutorial_dag.py
[2023-12-16T10:47:11.732+0000] {logging_mixin.py:154} INFO - [2023-12-16T10:47:11.732+0000] {dag.py:2941} INFO - Sync 1 DAGs
[2023-12-16T10:47:11.746+0000] {logging_mixin.py:154} INFO - [2023-12-16T10:47:11.745+0000] {dag.py:3722} INFO - Setting next_dagrun for tutorial_dag to None, run_after=None
[2023-12-16T10:47:11.773+0000] {processor.py:179} INFO - Processing /home/airflow/.local/lib/python3.8/site-packages/airflow/example_dags/tutorial_dag.py took 0.109 seconds
[2023-12-16T10:47:42.540+0000] {processor.py:157} INFO - Started process (PID=2592) to work on /home/airflow/.local/lib/python3.8/site-packages/airflow/example_dags/tutorial_dag.py
[2023-12-16T10:47:42.540+0000] {processor.py:829} INFO - Processing file /home/airflow/.local/lib/python3.8/site-packages/airflow/example_dags/tutorial_dag.py for tasks to queue
[2023-12-16T10:47:42.542+0000] {logging_mixin.py:154} INFO - [2023-12-16T10:47:42.542+0000] {dagbag.py:536} INFO - Filling up the DagBag from /home/airflow/.local/lib/python3.8/site-packages/airflow/example_dags/tutorial_dag.py
[2023-12-16T10:47:42.547+0000] {processor.py:839} INFO - DAG(s) dict_keys(['tutorial_dag']) retrieved from /home/airflow/.local/lib/python3.8/site-packages/airflow/example_dags/tutorial_dag.py
[2023-12-16T10:47:42.607+0000] {logging_mixin.py:154} INFO - [2023-12-16T10:47:42.607+0000] {dag.py:2941} INFO - Sync 1 DAGs
[2023-12-16T10:47:42.621+0000] {logging_mixin.py:154} INFO - [2023-12-16T10:47:42.621+0000] {dag.py:3722} INFO - Setting next_dagrun for tutorial_dag to None, run_after=None
[2023-12-16T10:47:42.653+0000] {processor.py:179} INFO - Processing /home/airflow/.local/lib/python3.8/site-packages/airflow/example_dags/tutorial_dag.py took 0.116 seconds
[2023-12-16T10:48:12.776+0000] {processor.py:157} INFO - Started process (PID=2647) to work on /home/airflow/.local/lib/python3.8/site-packages/airflow/example_dags/tutorial_dag.py
[2023-12-16T10:48:12.776+0000] {processor.py:829} INFO - Processing file /home/airflow/.local/lib/python3.8/site-packages/airflow/example_dags/tutorial_dag.py for tasks to queue
[2023-12-16T10:48:12.778+0000] {logging_mixin.py:154} INFO - [2023-12-16T10:48:12.778+0000] {dagbag.py:536} INFO - Filling up the DagBag from /home/airflow/.local/lib/python3.8/site-packages/airflow/example_dags/tutorial_dag.py
[2023-12-16T10:48:12.782+0000] {processor.py:839} INFO - DAG(s) dict_keys(['tutorial_dag']) retrieved from /home/airflow/.local/lib/python3.8/site-packages/airflow/example_dags/tutorial_dag.py
[2023-12-16T10:48:12.841+0000] {logging_mixin.py:154} INFO - [2023-12-16T10:48:12.841+0000] {dag.py:2941} INFO - Sync 1 DAGs
[2023-12-16T10:48:12.855+0000] {logging_mixin.py:154} INFO - [2023-12-16T10:48:12.855+0000] {dag.py:3722} INFO - Setting next_dagrun for tutorial_dag to None, run_after=None
[2023-12-16T10:48:12.880+0000] {processor.py:179} INFO - Processing /home/airflow/.local/lib/python3.8/site-packages/airflow/example_dags/tutorial_dag.py took 0.107 seconds
[2023-12-16T10:48:43.432+0000] {processor.py:157} INFO - Started process (PID=2701) to work on /home/airflow/.local/lib/python3.8/site-packages/airflow/example_dags/tutorial_dag.py
[2023-12-16T10:48:43.433+0000] {processor.py:829} INFO - Processing file /home/airflow/.local/lib/python3.8/site-packages/airflow/example_dags/tutorial_dag.py for tasks to queue
[2023-12-16T10:48:43.435+0000] {logging_mixin.py:154} INFO - [2023-12-16T10:48:43.435+0000] {dagbag.py:536} INFO - Filling up the DagBag from /home/airflow/.local/lib/python3.8/site-packages/airflow/example_dags/tutorial_dag.py
[2023-12-16T10:48:43.439+0000] {processor.py:839} INFO - DAG(s) dict_keys(['tutorial_dag']) retrieved from /home/airflow/.local/lib/python3.8/site-packages/airflow/example_dags/tutorial_dag.py
[2023-12-16T10:48:43.499+0000] {logging_mixin.py:154} INFO - [2023-12-16T10:48:43.499+0000] {dag.py:2941} INFO - Sync 1 DAGs
[2023-12-16T10:48:43.608+0000] {logging_mixin.py:154} INFO - [2023-12-16T10:48:43.608+0000] {dag.py:3722} INFO - Setting next_dagrun for tutorial_dag to None, run_after=None
[2023-12-16T10:48:43.639+0000] {processor.py:179} INFO - Processing /home/airflow/.local/lib/python3.8/site-packages/airflow/example_dags/tutorial_dag.py took 0.210 seconds
[2023-12-16T10:49:14.179+0000] {processor.py:157} INFO - Started process (PID=2757) to work on /home/airflow/.local/lib/python3.8/site-packages/airflow/example_dags/tutorial_dag.py
[2023-12-16T10:49:14.180+0000] {processor.py:829} INFO - Processing file /home/airflow/.local/lib/python3.8/site-packages/airflow/example_dags/tutorial_dag.py for tasks to queue
[2023-12-16T10:49:14.182+0000] {logging_mixin.py:154} INFO - [2023-12-16T10:49:14.182+0000] {dagbag.py:536} INFO - Filling up the DagBag from /home/airflow/.local/lib/python3.8/site-packages/airflow/example_dags/tutorial_dag.py
[2023-12-16T10:49:14.187+0000] {processor.py:839} INFO - DAG(s) dict_keys(['tutorial_dag']) retrieved from /home/airflow/.local/lib/python3.8/site-packages/airflow/example_dags/tutorial_dag.py
[2023-12-16T10:49:14.246+0000] {logging_mixin.py:154} INFO - [2023-12-16T10:49:14.246+0000] {dag.py:2941} INFO - Sync 1 DAGs
[2023-12-16T10:49:14.261+0000] {logging_mixin.py:154} INFO - [2023-12-16T10:49:14.261+0000] {dag.py:3722} INFO - Setting next_dagrun for tutorial_dag to None, run_after=None
[2023-12-16T10:49:14.288+0000] {processor.py:179} INFO - Processing /home/airflow/.local/lib/python3.8/site-packages/airflow/example_dags/tutorial_dag.py took 0.112 seconds
[2023-12-16T10:49:44.840+0000] {processor.py:157} INFO - Started process (PID=2812) to work on /home/airflow/.local/lib/python3.8/site-packages/airflow/example_dags/tutorial_dag.py
[2023-12-16T10:49:44.840+0000] {processor.py:829} INFO - Processing file /home/airflow/.local/lib/python3.8/site-packages/airflow/example_dags/tutorial_dag.py for tasks to queue
[2023-12-16T10:49:44.842+0000] {logging_mixin.py:154} INFO - [2023-12-16T10:49:44.842+0000] {dagbag.py:536} INFO - Filling up the DagBag from /home/airflow/.local/lib/python3.8/site-packages/airflow/example_dags/tutorial_dag.py
[2023-12-16T10:49:44.846+0000] {processor.py:839} INFO - DAG(s) dict_keys(['tutorial_dag']) retrieved from /home/airflow/.local/lib/python3.8/site-packages/airflow/example_dags/tutorial_dag.py
[2023-12-16T10:49:44.904+0000] {logging_mixin.py:154} INFO - [2023-12-16T10:49:44.904+0000] {dag.py:2941} INFO - Sync 1 DAGs
[2023-12-16T10:49:44.918+0000] {logging_mixin.py:154} INFO - [2023-12-16T10:49:44.918+0000] {dag.py:3722} INFO - Setting next_dagrun for tutorial_dag to None, run_after=None
[2023-12-16T10:49:44.944+0000] {processor.py:179} INFO - Processing /home/airflow/.local/lib/python3.8/site-packages/airflow/example_dags/tutorial_dag.py took 0.107 seconds
[2023-12-16T10:50:15.583+0000] {processor.py:157} INFO - Started process (PID=2867) to work on /home/airflow/.local/lib/python3.8/site-packages/airflow/example_dags/tutorial_dag.py
[2023-12-16T10:50:15.584+0000] {processor.py:829} INFO - Processing file /home/airflow/.local/lib/python3.8/site-packages/airflow/example_dags/tutorial_dag.py for tasks to queue
[2023-12-16T10:50:15.585+0000] {logging_mixin.py:154} INFO - [2023-12-16T10:50:15.585+0000] {dagbag.py:536} INFO - Filling up the DagBag from /home/airflow/.local/lib/python3.8/site-packages/airflow/example_dags/tutorial_dag.py
[2023-12-16T10:50:15.590+0000] {processor.py:839} INFO - DAG(s) dict_keys(['tutorial_dag']) retrieved from /home/airflow/.local/lib/python3.8/site-packages/airflow/example_dags/tutorial_dag.py
[2023-12-16T10:50:15.650+0000] {logging_mixin.py:154} INFO - [2023-12-16T10:50:15.650+0000] {dag.py:2941} INFO - Sync 1 DAGs
[2023-12-16T10:50:15.664+0000] {logging_mixin.py:154} INFO - [2023-12-16T10:50:15.664+0000] {dag.py:3722} INFO - Setting next_dagrun for tutorial_dag to None, run_after=None
[2023-12-16T10:50:15.691+0000] {processor.py:179} INFO - Processing /home/airflow/.local/lib/python3.8/site-packages/airflow/example_dags/tutorial_dag.py took 0.110 seconds
[2023-12-16T10:50:46.398+0000] {processor.py:157} INFO - Started process (PID=2922) to work on /home/airflow/.local/lib/python3.8/site-packages/airflow/example_dags/tutorial_dag.py
[2023-12-16T10:50:46.399+0000] {processor.py:829} INFO - Processing file /home/airflow/.local/lib/python3.8/site-packages/airflow/example_dags/tutorial_dag.py for tasks to queue
[2023-12-16T10:50:46.401+0000] {logging_mixin.py:154} INFO - [2023-12-16T10:50:46.401+0000] {dagbag.py:536} INFO - Filling up the DagBag from /home/airflow/.local/lib/python3.8/site-packages/airflow/example_dags/tutorial_dag.py
[2023-12-16T10:50:46.405+0000] {processor.py:839} INFO - DAG(s) dict_keys(['tutorial_dag']) retrieved from /home/airflow/.local/lib/python3.8/site-packages/airflow/example_dags/tutorial_dag.py
[2023-12-16T10:50:46.576+0000] {logging_mixin.py:154} INFO - [2023-12-16T10:50:46.576+0000] {dag.py:2941} INFO - Sync 1 DAGs
[2023-12-16T10:50:46.590+0000] {logging_mixin.py:154} INFO - [2023-12-16T10:50:46.590+0000] {dag.py:3722} INFO - Setting next_dagrun for tutorial_dag to None, run_after=None
[2023-12-16T10:50:46.619+0000] {processor.py:179} INFO - Processing /home/airflow/.local/lib/python3.8/site-packages/airflow/example_dags/tutorial_dag.py took 0.223 seconds
[2023-12-16T10:51:16.955+0000] {processor.py:157} INFO - Started process (PID=2977) to work on /home/airflow/.local/lib/python3.8/site-packages/airflow/example_dags/tutorial_dag.py
[2023-12-16T10:51:16.956+0000] {processor.py:829} INFO - Processing file /home/airflow/.local/lib/python3.8/site-packages/airflow/example_dags/tutorial_dag.py for tasks to queue
[2023-12-16T10:51:16.958+0000] {logging_mixin.py:154} INFO - [2023-12-16T10:51:16.958+0000] {dagbag.py:536} INFO - Filling up the DagBag from /home/airflow/.local/lib/python3.8/site-packages/airflow/example_dags/tutorial_dag.py
[2023-12-16T10:51:16.962+0000] {processor.py:839} INFO - DAG(s) dict_keys(['tutorial_dag']) retrieved from /home/airflow/.local/lib/python3.8/site-packages/airflow/example_dags/tutorial_dag.py
[2023-12-16T10:51:17.022+0000] {logging_mixin.py:154} INFO - [2023-12-16T10:51:17.022+0000] {dag.py:2941} INFO - Sync 1 DAGs
[2023-12-16T10:51:17.123+0000] {logging_mixin.py:154} INFO - [2023-12-16T10:51:17.123+0000] {dag.py:3722} INFO - Setting next_dagrun for tutorial_dag to None, run_after=None
[2023-12-16T10:51:17.153+0000] {processor.py:179} INFO - Processing /home/airflow/.local/lib/python3.8/site-packages/airflow/example_dags/tutorial_dag.py took 0.201 seconds
[2023-12-16T10:51:47.272+0000] {processor.py:157} INFO - Started process (PID=3032) to work on /home/airflow/.local/lib/python3.8/site-packages/airflow/example_dags/tutorial_dag.py
[2023-12-16T10:51:47.273+0000] {processor.py:829} INFO - Processing file /home/airflow/.local/lib/python3.8/site-packages/airflow/example_dags/tutorial_dag.py for tasks to queue
[2023-12-16T10:51:47.275+0000] {logging_mixin.py:154} INFO - [2023-12-16T10:51:47.275+0000] {dagbag.py:536} INFO - Filling up the DagBag from /home/airflow/.local/lib/python3.8/site-packages/airflow/example_dags/tutorial_dag.py
[2023-12-16T10:51:47.279+0000] {processor.py:839} INFO - DAG(s) dict_keys(['tutorial_dag']) retrieved from /home/airflow/.local/lib/python3.8/site-packages/airflow/example_dags/tutorial_dag.py
[2023-12-16T10:51:47.451+0000] {logging_mixin.py:154} INFO - [2023-12-16T10:51:47.450+0000] {dag.py:2941} INFO - Sync 1 DAGs
[2023-12-16T10:51:47.465+0000] {logging_mixin.py:154} INFO - [2023-12-16T10:51:47.464+0000] {dag.py:3722} INFO - Setting next_dagrun for tutorial_dag to None, run_after=None
[2023-12-16T10:51:47.490+0000] {processor.py:179} INFO - Processing /home/airflow/.local/lib/python3.8/site-packages/airflow/example_dags/tutorial_dag.py took 0.221 seconds
[2023-12-16T10:52:18.706+0000] {processor.py:157} INFO - Started process (PID=3087) to work on /home/airflow/.local/lib/python3.8/site-packages/airflow/example_dags/tutorial_dag.py
[2023-12-16T10:52:18.706+0000] {processor.py:829} INFO - Processing file /home/airflow/.local/lib/python3.8/site-packages/airflow/example_dags/tutorial_dag.py for tasks to queue
[2023-12-16T10:52:18.708+0000] {logging_mixin.py:154} INFO - [2023-12-16T10:52:18.708+0000] {dagbag.py:536} INFO - Filling up the DagBag from /home/airflow/.local/lib/python3.8/site-packages/airflow/example_dags/tutorial_dag.py
[2023-12-16T10:52:18.712+0000] {processor.py:839} INFO - DAG(s) dict_keys(['tutorial_dag']) retrieved from /home/airflow/.local/lib/python3.8/site-packages/airflow/example_dags/tutorial_dag.py
[2023-12-16T10:52:18.776+0000] {logging_mixin.py:154} INFO - [2023-12-16T10:52:18.776+0000] {dag.py:2941} INFO - Sync 1 DAGs
[2023-12-16T10:52:18.884+0000] {logging_mixin.py:154} INFO - [2023-12-16T10:52:18.884+0000] {dag.py:3722} INFO - Setting next_dagrun for tutorial_dag to None, run_after=None
[2023-12-16T10:52:18.910+0000] {processor.py:179} INFO - Processing /home/airflow/.local/lib/python3.8/site-packages/airflow/example_dags/tutorial_dag.py took 0.206 seconds
[2023-12-16T10:52:49.677+0000] {processor.py:157} INFO - Started process (PID=3142) to work on /home/airflow/.local/lib/python3.8/site-packages/airflow/example_dags/tutorial_dag.py
[2023-12-16T10:52:49.678+0000] {processor.py:829} INFO - Processing file /home/airflow/.local/lib/python3.8/site-packages/airflow/example_dags/tutorial_dag.py for tasks to queue
[2023-12-16T10:52:49.680+0000] {logging_mixin.py:154} INFO - [2023-12-16T10:52:49.680+0000] {dagbag.py:536} INFO - Filling up the DagBag from /home/airflow/.local/lib/python3.8/site-packages/airflow/example_dags/tutorial_dag.py
[2023-12-16T10:52:49.685+0000] {processor.py:839} INFO - DAG(s) dict_keys(['tutorial_dag']) retrieved from /home/airflow/.local/lib/python3.8/site-packages/airflow/example_dags/tutorial_dag.py
[2023-12-16T10:52:49.747+0000] {logging_mixin.py:154} INFO - [2023-12-16T10:52:49.746+0000] {dag.py:2941} INFO - Sync 1 DAGs
[2023-12-16T10:52:49.760+0000] {logging_mixin.py:154} INFO - [2023-12-16T10:52:49.760+0000] {dag.py:3722} INFO - Setting next_dagrun for tutorial_dag to None, run_after=None
[2023-12-16T10:52:49.788+0000] {processor.py:179} INFO - Processing /home/airflow/.local/lib/python3.8/site-packages/airflow/example_dags/tutorial_dag.py took 0.113 seconds
[2023-12-16T10:53:20.003+0000] {processor.py:157} INFO - Started process (PID=3197) to work on /home/airflow/.local/lib/python3.8/site-packages/airflow/example_dags/tutorial_dag.py
[2023-12-16T10:53:20.004+0000] {processor.py:829} INFO - Processing file /home/airflow/.local/lib/python3.8/site-packages/airflow/example_dags/tutorial_dag.py for tasks to queue
[2023-12-16T10:53:20.006+0000] {logging_mixin.py:154} INFO - [2023-12-16T10:53:20.006+0000] {dagbag.py:536} INFO - Filling up the DagBag from /home/airflow/.local/lib/python3.8/site-packages/airflow/example_dags/tutorial_dag.py
[2023-12-16T10:53:20.011+0000] {processor.py:839} INFO - DAG(s) dict_keys(['tutorial_dag']) retrieved from /home/airflow/.local/lib/python3.8/site-packages/airflow/example_dags/tutorial_dag.py
[2023-12-16T10:53:20.181+0000] {logging_mixin.py:154} INFO - [2023-12-16T10:53:20.181+0000] {dag.py:2941} INFO - Sync 1 DAGs
[2023-12-16T10:53:20.195+0000] {logging_mixin.py:154} INFO - [2023-12-16T10:53:20.194+0000] {dag.py:3722} INFO - Setting next_dagrun for tutorial_dag to None, run_after=None
[2023-12-16T10:53:20.222+0000] {processor.py:179} INFO - Processing /home/airflow/.local/lib/python3.8/site-packages/airflow/example_dags/tutorial_dag.py took 0.221 seconds
[2023-12-16T10:53:51.000+0000] {processor.py:157} INFO - Started process (PID=3252) to work on /home/airflow/.local/lib/python3.8/site-packages/airflow/example_dags/tutorial_dag.py
[2023-12-16T10:53:51.001+0000] {processor.py:829} INFO - Processing file /home/airflow/.local/lib/python3.8/site-packages/airflow/example_dags/tutorial_dag.py for tasks to queue
[2023-12-16T10:53:51.003+0000] {logging_mixin.py:154} INFO - [2023-12-16T10:53:51.003+0000] {dagbag.py:536} INFO - Filling up the DagBag from /home/airflow/.local/lib/python3.8/site-packages/airflow/example_dags/tutorial_dag.py
[2023-12-16T10:53:51.008+0000] {processor.py:839} INFO - DAG(s) dict_keys(['tutorial_dag']) retrieved from /home/airflow/.local/lib/python3.8/site-packages/airflow/example_dags/tutorial_dag.py
[2023-12-16T10:53:51.176+0000] {logging_mixin.py:154} INFO - [2023-12-16T10:53:51.176+0000] {dag.py:2941} INFO - Sync 1 DAGs
[2023-12-16T10:53:51.192+0000] {logging_mixin.py:154} INFO - [2023-12-16T10:53:51.191+0000] {dag.py:3722} INFO - Setting next_dagrun for tutorial_dag to None, run_after=None
[2023-12-16T10:53:51.318+0000] {processor.py:179} INFO - Processing /home/airflow/.local/lib/python3.8/site-packages/airflow/example_dags/tutorial_dag.py took 0.320 seconds
[2023-12-16T10:54:22.089+0000] {processor.py:157} INFO - Started process (PID=3307) to work on /home/airflow/.local/lib/python3.8/site-packages/airflow/example_dags/tutorial_dag.py
[2023-12-16T10:54:22.090+0000] {processor.py:829} INFO - Processing file /home/airflow/.local/lib/python3.8/site-packages/airflow/example_dags/tutorial_dag.py for tasks to queue
[2023-12-16T10:54:22.092+0000] {logging_mixin.py:154} INFO - [2023-12-16T10:54:22.092+0000] {dagbag.py:536} INFO - Filling up the DagBag from /home/airflow/.local/lib/python3.8/site-packages/airflow/example_dags/tutorial_dag.py
[2023-12-16T10:54:22.096+0000] {processor.py:839} INFO - DAG(s) dict_keys(['tutorial_dag']) retrieved from /home/airflow/.local/lib/python3.8/site-packages/airflow/example_dags/tutorial_dag.py
[2023-12-16T10:54:22.161+0000] {logging_mixin.py:154} INFO - [2023-12-16T10:54:22.161+0000] {dag.py:2941} INFO - Sync 1 DAGs
[2023-12-16T10:54:22.175+0000] {logging_mixin.py:154} INFO - [2023-12-16T10:54:22.175+0000] {dag.py:3722} INFO - Setting next_dagrun for tutorial_dag to None, run_after=None
[2023-12-16T10:54:22.200+0000] {processor.py:179} INFO - Processing /home/airflow/.local/lib/python3.8/site-packages/airflow/example_dags/tutorial_dag.py took 0.114 seconds
[2023-12-16T10:54:52.997+0000] {processor.py:157} INFO - Started process (PID=3362) to work on /home/airflow/.local/lib/python3.8/site-packages/airflow/example_dags/tutorial_dag.py
[2023-12-16T10:54:52.998+0000] {processor.py:829} INFO - Processing file /home/airflow/.local/lib/python3.8/site-packages/airflow/example_dags/tutorial_dag.py for tasks to queue
[2023-12-16T10:54:53.000+0000] {logging_mixin.py:154} INFO - [2023-12-16T10:54:52.999+0000] {dagbag.py:536} INFO - Filling up the DagBag from /home/airflow/.local/lib/python3.8/site-packages/airflow/example_dags/tutorial_dag.py
[2023-12-16T10:54:53.004+0000] {processor.py:839} INFO - DAG(s) dict_keys(['tutorial_dag']) retrieved from /home/airflow/.local/lib/python3.8/site-packages/airflow/example_dags/tutorial_dag.py
[2023-12-16T10:54:53.068+0000] {logging_mixin.py:154} INFO - [2023-12-16T10:54:53.067+0000] {dag.py:2941} INFO - Sync 1 DAGs
[2023-12-16T10:54:53.179+0000] {logging_mixin.py:154} INFO - [2023-12-16T10:54:53.179+0000] {dag.py:3722} INFO - Setting next_dagrun for tutorial_dag to None, run_after=None
[2023-12-16T10:54:53.205+0000] {processor.py:179} INFO - Processing /home/airflow/.local/lib/python3.8/site-packages/airflow/example_dags/tutorial_dag.py took 0.211 seconds
[2023-12-16T10:55:23.377+0000] {processor.py:157} INFO - Started process (PID=3417) to work on /home/airflow/.local/lib/python3.8/site-packages/airflow/example_dags/tutorial_dag.py
[2023-12-16T10:55:23.378+0000] {processor.py:829} INFO - Processing file /home/airflow/.local/lib/python3.8/site-packages/airflow/example_dags/tutorial_dag.py for tasks to queue
[2023-12-16T10:55:23.380+0000] {logging_mixin.py:154} INFO - [2023-12-16T10:55:23.380+0000] {dagbag.py:536} INFO - Filling up the DagBag from /home/airflow/.local/lib/python3.8/site-packages/airflow/example_dags/tutorial_dag.py
[2023-12-16T10:55:23.384+0000] {processor.py:839} INFO - DAG(s) dict_keys(['tutorial_dag']) retrieved from /home/airflow/.local/lib/python3.8/site-packages/airflow/example_dags/tutorial_dag.py
[2023-12-16T10:55:23.448+0000] {logging_mixin.py:154} INFO - [2023-12-16T10:55:23.448+0000] {dag.py:2941} INFO - Sync 1 DAGs
[2023-12-16T10:55:23.462+0000] {logging_mixin.py:154} INFO - [2023-12-16T10:55:23.461+0000] {dag.py:3722} INFO - Setting next_dagrun for tutorial_dag to None, run_after=None
[2023-12-16T10:55:23.487+0000] {processor.py:179} INFO - Processing /home/airflow/.local/lib/python3.8/site-packages/airflow/example_dags/tutorial_dag.py took 0.113 seconds
[2023-12-16T10:55:54.326+0000] {processor.py:157} INFO - Started process (PID=3472) to work on /home/airflow/.local/lib/python3.8/site-packages/airflow/example_dags/tutorial_dag.py
[2023-12-16T10:55:54.327+0000] {processor.py:829} INFO - Processing file /home/airflow/.local/lib/python3.8/site-packages/airflow/example_dags/tutorial_dag.py for tasks to queue
[2023-12-16T10:55:54.328+0000] {logging_mixin.py:154} INFO - [2023-12-16T10:55:54.328+0000] {dagbag.py:536} INFO - Filling up the DagBag from /home/airflow/.local/lib/python3.8/site-packages/airflow/example_dags/tutorial_dag.py
[2023-12-16T10:55:54.332+0000] {processor.py:839} INFO - DAG(s) dict_keys(['tutorial_dag']) retrieved from /home/airflow/.local/lib/python3.8/site-packages/airflow/example_dags/tutorial_dag.py
[2023-12-16T10:55:54.495+0000] {logging_mixin.py:154} INFO - [2023-12-16T10:55:54.495+0000] {dag.py:2941} INFO - Sync 1 DAGs
[2023-12-16T10:55:54.508+0000] {logging_mixin.py:154} INFO - [2023-12-16T10:55:54.508+0000] {dag.py:3722} INFO - Setting next_dagrun for tutorial_dag to None, run_after=None
[2023-12-16T10:55:54.534+0000] {processor.py:179} INFO - Processing /home/airflow/.local/lib/python3.8/site-packages/airflow/example_dags/tutorial_dag.py took 0.211 seconds
[2023-12-16T10:56:24.595+0000] {processor.py:157} INFO - Started process (PID=3527) to work on /home/airflow/.local/lib/python3.8/site-packages/airflow/example_dags/tutorial_dag.py
[2023-12-16T10:56:24.596+0000] {processor.py:829} INFO - Processing file /home/airflow/.local/lib/python3.8/site-packages/airflow/example_dags/tutorial_dag.py for tasks to queue
[2023-12-16T10:56:24.598+0000] {logging_mixin.py:154} INFO - [2023-12-16T10:56:24.598+0000] {dagbag.py:536} INFO - Filling up the DagBag from /home/airflow/.local/lib/python3.8/site-packages/airflow/example_dags/tutorial_dag.py
[2023-12-16T10:56:24.602+0000] {processor.py:839} INFO - DAG(s) dict_keys(['tutorial_dag']) retrieved from /home/airflow/.local/lib/python3.8/site-packages/airflow/example_dags/tutorial_dag.py
[2023-12-16T10:56:24.667+0000] {logging_mixin.py:154} INFO - [2023-12-16T10:56:24.667+0000] {dag.py:2941} INFO - Sync 1 DAGs
[2023-12-16T10:56:24.681+0000] {logging_mixin.py:154} INFO - [2023-12-16T10:56:24.681+0000] {dag.py:3722} INFO - Setting next_dagrun for tutorial_dag to None, run_after=None
[2023-12-16T10:56:24.707+0000] {processor.py:179} INFO - Processing /home/airflow/.local/lib/python3.8/site-packages/airflow/example_dags/tutorial_dag.py took 0.114 seconds
[2023-12-16T10:56:54.848+0000] {processor.py:157} INFO - Started process (PID=3582) to work on /home/airflow/.local/lib/python3.8/site-packages/airflow/example_dags/tutorial_dag.py
[2023-12-16T10:56:54.849+0000] {processor.py:829} INFO - Processing file /home/airflow/.local/lib/python3.8/site-packages/airflow/example_dags/tutorial_dag.py for tasks to queue
[2023-12-16T10:56:54.851+0000] {logging_mixin.py:154} INFO - [2023-12-16T10:56:54.851+0000] {dagbag.py:536} INFO - Filling up the DagBag from /home/airflow/.local/lib/python3.8/site-packages/airflow/example_dags/tutorial_dag.py
[2023-12-16T10:56:54.855+0000] {processor.py:839} INFO - DAG(s) dict_keys(['tutorial_dag']) retrieved from /home/airflow/.local/lib/python3.8/site-packages/airflow/example_dags/tutorial_dag.py
[2023-12-16T10:56:55.031+0000] {logging_mixin.py:154} INFO - [2023-12-16T10:56:55.031+0000] {dag.py:2941} INFO - Sync 1 DAGs
[2023-12-16T10:56:55.047+0000] {logging_mixin.py:154} INFO - [2023-12-16T10:56:55.046+0000] {dag.py:3722} INFO - Setting next_dagrun for tutorial_dag to None, run_after=None
[2023-12-16T10:56:55.076+0000] {processor.py:179} INFO - Processing /home/airflow/.local/lib/python3.8/site-packages/airflow/example_dags/tutorial_dag.py took 0.230 seconds
[2023-12-16T10:57:25.234+0000] {processor.py:157} INFO - Started process (PID=3638) to work on /home/airflow/.local/lib/python3.8/site-packages/airflow/example_dags/tutorial_dag.py
[2023-12-16T10:57:25.235+0000] {processor.py:829} INFO - Processing file /home/airflow/.local/lib/python3.8/site-packages/airflow/example_dags/tutorial_dag.py for tasks to queue
[2023-12-16T10:57:25.237+0000] {logging_mixin.py:154} INFO - [2023-12-16T10:57:25.237+0000] {dagbag.py:536} INFO - Filling up the DagBag from /home/airflow/.local/lib/python3.8/site-packages/airflow/example_dags/tutorial_dag.py
[2023-12-16T10:57:25.241+0000] {processor.py:839} INFO - DAG(s) dict_keys(['tutorial_dag']) retrieved from /home/airflow/.local/lib/python3.8/site-packages/airflow/example_dags/tutorial_dag.py
[2023-12-16T10:57:25.301+0000] {logging_mixin.py:154} INFO - [2023-12-16T10:57:25.301+0000] {dag.py:2941} INFO - Sync 1 DAGs
[2023-12-16T10:57:25.316+0000] {logging_mixin.py:154} INFO - [2023-12-16T10:57:25.316+0000] {dag.py:3722} INFO - Setting next_dagrun for tutorial_dag to None, run_after=None
[2023-12-16T10:57:25.343+0000] {processor.py:179} INFO - Processing /home/airflow/.local/lib/python3.8/site-packages/airflow/example_dags/tutorial_dag.py took 0.111 seconds
[2023-12-16T10:57:55.400+0000] {processor.py:157} INFO - Started process (PID=3692) to work on /home/airflow/.local/lib/python3.8/site-packages/airflow/example_dags/tutorial_dag.py
[2023-12-16T10:57:55.401+0000] {processor.py:829} INFO - Processing file /home/airflow/.local/lib/python3.8/site-packages/airflow/example_dags/tutorial_dag.py for tasks to queue
[2023-12-16T10:57:55.402+0000] {logging_mixin.py:154} INFO - [2023-12-16T10:57:55.402+0000] {dagbag.py:536} INFO - Filling up the DagBag from /home/airflow/.local/lib/python3.8/site-packages/airflow/example_dags/tutorial_dag.py
[2023-12-16T10:57:55.406+0000] {processor.py:839} INFO - DAG(s) dict_keys(['tutorial_dag']) retrieved from /home/airflow/.local/lib/python3.8/site-packages/airflow/example_dags/tutorial_dag.py
[2023-12-16T10:57:55.470+0000] {logging_mixin.py:154} INFO - [2023-12-16T10:57:55.470+0000] {dag.py:2941} INFO - Sync 1 DAGs
[2023-12-16T10:57:55.485+0000] {logging_mixin.py:154} INFO - [2023-12-16T10:57:55.484+0000] {dag.py:3722} INFO - Setting next_dagrun for tutorial_dag to None, run_after=None
[2023-12-16T10:57:55.510+0000] {processor.py:179} INFO - Processing /home/airflow/.local/lib/python3.8/site-packages/airflow/example_dags/tutorial_dag.py took 0.113 seconds
[2023-12-16T10:58:25.654+0000] {processor.py:157} INFO - Started process (PID=3747) to work on /home/airflow/.local/lib/python3.8/site-packages/airflow/example_dags/tutorial_dag.py
[2023-12-16T10:58:25.654+0000] {processor.py:829} INFO - Processing file /home/airflow/.local/lib/python3.8/site-packages/airflow/example_dags/tutorial_dag.py for tasks to queue
[2023-12-16T10:58:25.656+0000] {logging_mixin.py:154} INFO - [2023-12-16T10:58:25.656+0000] {dagbag.py:536} INFO - Filling up the DagBag from /home/airflow/.local/lib/python3.8/site-packages/airflow/example_dags/tutorial_dag.py
[2023-12-16T10:58:25.660+0000] {processor.py:839} INFO - DAG(s) dict_keys(['tutorial_dag']) retrieved from /home/airflow/.local/lib/python3.8/site-packages/airflow/example_dags/tutorial_dag.py
[2023-12-16T10:58:25.725+0000] {logging_mixin.py:154} INFO - [2023-12-16T10:58:25.724+0000] {dag.py:2941} INFO - Sync 1 DAGs
[2023-12-16T10:58:25.739+0000] {logging_mixin.py:154} INFO - [2023-12-16T10:58:25.739+0000] {dag.py:3722} INFO - Setting next_dagrun for tutorial_dag to None, run_after=None
[2023-12-16T10:58:25.765+0000] {processor.py:179} INFO - Processing /home/airflow/.local/lib/python3.8/site-packages/airflow/example_dags/tutorial_dag.py took 0.114 seconds
[2023-12-16T10:58:55.888+0000] {processor.py:157} INFO - Started process (PID=3802) to work on /home/airflow/.local/lib/python3.8/site-packages/airflow/example_dags/tutorial_dag.py
[2023-12-16T10:58:55.889+0000] {processor.py:829} INFO - Processing file /home/airflow/.local/lib/python3.8/site-packages/airflow/example_dags/tutorial_dag.py for tasks to queue
[2023-12-16T10:58:55.891+0000] {logging_mixin.py:154} INFO - [2023-12-16T10:58:55.890+0000] {dagbag.py:536} INFO - Filling up the DagBag from /home/airflow/.local/lib/python3.8/site-packages/airflow/example_dags/tutorial_dag.py
[2023-12-16T10:58:55.895+0000] {processor.py:839} INFO - DAG(s) dict_keys(['tutorial_dag']) retrieved from /home/airflow/.local/lib/python3.8/site-packages/airflow/example_dags/tutorial_dag.py
[2023-12-16T10:58:55.959+0000] {logging_mixin.py:154} INFO - [2023-12-16T10:58:55.959+0000] {dag.py:2941} INFO - Sync 1 DAGs
[2023-12-16T10:58:55.974+0000] {logging_mixin.py:154} INFO - [2023-12-16T10:58:55.974+0000] {dag.py:3722} INFO - Setting next_dagrun for tutorial_dag to None, run_after=None
[2023-12-16T10:58:56.001+0000] {processor.py:179} INFO - Processing /home/airflow/.local/lib/python3.8/site-packages/airflow/example_dags/tutorial_dag.py took 0.116 seconds
[2023-12-16T10:59:26.709+0000] {processor.py:157} INFO - Started process (PID=3857) to work on /home/airflow/.local/lib/python3.8/site-packages/airflow/example_dags/tutorial_dag.py
[2023-12-16T10:59:26.710+0000] {processor.py:829} INFO - Processing file /home/airflow/.local/lib/python3.8/site-packages/airflow/example_dags/tutorial_dag.py for tasks to queue
[2023-12-16T10:59:26.711+0000] {logging_mixin.py:154} INFO - [2023-12-16T10:59:26.711+0000] {dagbag.py:536} INFO - Filling up the DagBag from /home/airflow/.local/lib/python3.8/site-packages/airflow/example_dags/tutorial_dag.py
[2023-12-16T10:59:26.716+0000] {processor.py:839} INFO - DAG(s) dict_keys(['tutorial_dag']) retrieved from /home/airflow/.local/lib/python3.8/site-packages/airflow/example_dags/tutorial_dag.py
[2023-12-16T10:59:26.879+0000] {logging_mixin.py:154} INFO - [2023-12-16T10:59:26.879+0000] {dag.py:2941} INFO - Sync 1 DAGs
[2023-12-16T10:59:26.893+0000] {logging_mixin.py:154} INFO - [2023-12-16T10:59:26.893+0000] {dag.py:3722} INFO - Setting next_dagrun for tutorial_dag to None, run_after=None
[2023-12-16T10:59:26.919+0000] {processor.py:179} INFO - Processing /home/airflow/.local/lib/python3.8/site-packages/airflow/example_dags/tutorial_dag.py took 0.214 seconds
[2023-12-16T10:59:56.982+0000] {processor.py:157} INFO - Started process (PID=3912) to work on /home/airflow/.local/lib/python3.8/site-packages/airflow/example_dags/tutorial_dag.py
[2023-12-16T10:59:56.982+0000] {processor.py:829} INFO - Processing file /home/airflow/.local/lib/python3.8/site-packages/airflow/example_dags/tutorial_dag.py for tasks to queue
[2023-12-16T10:59:56.984+0000] {logging_mixin.py:154} INFO - [2023-12-16T10:59:56.984+0000] {dagbag.py:536} INFO - Filling up the DagBag from /home/airflow/.local/lib/python3.8/site-packages/airflow/example_dags/tutorial_dag.py
[2023-12-16T10:59:56.989+0000] {processor.py:839} INFO - DAG(s) dict_keys(['tutorial_dag']) retrieved from /home/airflow/.local/lib/python3.8/site-packages/airflow/example_dags/tutorial_dag.py
[2023-12-16T10:59:57.049+0000] {logging_mixin.py:154} INFO - [2023-12-16T10:59:57.049+0000] {dag.py:2941} INFO - Sync 1 DAGs
[2023-12-16T10:59:57.063+0000] {logging_mixin.py:154} INFO - [2023-12-16T10:59:57.063+0000] {dag.py:3722} INFO - Setting next_dagrun for tutorial_dag to None, run_after=None
[2023-12-16T10:59:57.089+0000] {processor.py:179} INFO - Processing /home/airflow/.local/lib/python3.8/site-packages/airflow/example_dags/tutorial_dag.py took 0.110 seconds
[2023-12-16T11:00:27.290+0000] {processor.py:157} INFO - Started process (PID=3967) to work on /home/airflow/.local/lib/python3.8/site-packages/airflow/example_dags/tutorial_dag.py
[2023-12-16T11:00:27.290+0000] {processor.py:829} INFO - Processing file /home/airflow/.local/lib/python3.8/site-packages/airflow/example_dags/tutorial_dag.py for tasks to queue
[2023-12-16T11:00:27.292+0000] {logging_mixin.py:154} INFO - [2023-12-16T11:00:27.292+0000] {dagbag.py:536} INFO - Filling up the DagBag from /home/airflow/.local/lib/python3.8/site-packages/airflow/example_dags/tutorial_dag.py
[2023-12-16T11:00:27.296+0000] {processor.py:839} INFO - DAG(s) dict_keys(['tutorial_dag']) retrieved from /home/airflow/.local/lib/python3.8/site-packages/airflow/example_dags/tutorial_dag.py
[2023-12-16T11:00:27.468+0000] {logging_mixin.py:154} INFO - [2023-12-16T11:00:27.467+0000] {dag.py:2941} INFO - Sync 1 DAGs
[2023-12-16T11:00:27.481+0000] {logging_mixin.py:154} INFO - [2023-12-16T11:00:27.481+0000] {dag.py:3722} INFO - Setting next_dagrun for tutorial_dag to None, run_after=None
[2023-12-16T11:00:27.506+0000] {processor.py:179} INFO - Processing /home/airflow/.local/lib/python3.8/site-packages/airflow/example_dags/tutorial_dag.py took 0.219 seconds
[2023-12-16T11:00:57.618+0000] {processor.py:157} INFO - Started process (PID=4023) to work on /home/airflow/.local/lib/python3.8/site-packages/airflow/example_dags/tutorial_dag.py
[2023-12-16T11:00:57.619+0000] {processor.py:829} INFO - Processing file /home/airflow/.local/lib/python3.8/site-packages/airflow/example_dags/tutorial_dag.py for tasks to queue
[2023-12-16T11:00:57.621+0000] {logging_mixin.py:154} INFO - [2023-12-16T11:00:57.621+0000] {dagbag.py:536} INFO - Filling up the DagBag from /home/airflow/.local/lib/python3.8/site-packages/airflow/example_dags/tutorial_dag.py
[2023-12-16T11:00:57.625+0000] {processor.py:839} INFO - DAG(s) dict_keys(['tutorial_dag']) retrieved from /home/airflow/.local/lib/python3.8/site-packages/airflow/example_dags/tutorial_dag.py
[2023-12-16T11:00:57.685+0000] {logging_mixin.py:154} INFO - [2023-12-16T11:00:57.685+0000] {dag.py:2941} INFO - Sync 1 DAGs
[2023-12-16T11:00:57.699+0000] {logging_mixin.py:154} INFO - [2023-12-16T11:00:57.699+0000] {dag.py:3722} INFO - Setting next_dagrun for tutorial_dag to None, run_after=None
[2023-12-16T11:00:57.725+0000] {processor.py:179} INFO - Processing /home/airflow/.local/lib/python3.8/site-packages/airflow/example_dags/tutorial_dag.py took 0.109 seconds
[2023-12-16T11:01:27.867+0000] {processor.py:157} INFO - Started process (PID=4078) to work on /home/airflow/.local/lib/python3.8/site-packages/airflow/example_dags/tutorial_dag.py
[2023-12-16T11:01:27.867+0000] {processor.py:829} INFO - Processing file /home/airflow/.local/lib/python3.8/site-packages/airflow/example_dags/tutorial_dag.py for tasks to queue
[2023-12-16T11:01:27.869+0000] {logging_mixin.py:154} INFO - [2023-12-16T11:01:27.869+0000] {dagbag.py:536} INFO - Filling up the DagBag from /home/airflow/.local/lib/python3.8/site-packages/airflow/example_dags/tutorial_dag.py
[2023-12-16T11:01:27.873+0000] {processor.py:839} INFO - DAG(s) dict_keys(['tutorial_dag']) retrieved from /home/airflow/.local/lib/python3.8/site-packages/airflow/example_dags/tutorial_dag.py
[2023-12-16T11:01:27.932+0000] {logging_mixin.py:154} INFO - [2023-12-16T11:01:27.932+0000] {dag.py:2941} INFO - Sync 1 DAGs
[2023-12-16T11:01:27.947+0000] {logging_mixin.py:154} INFO - [2023-12-16T11:01:27.946+0000] {dag.py:3722} INFO - Setting next_dagrun for tutorial_dag to None, run_after=None
[2023-12-16T11:01:27.972+0000] {processor.py:179} INFO - Processing /home/airflow/.local/lib/python3.8/site-packages/airflow/example_dags/tutorial_dag.py took 0.108 seconds
[2023-12-16T11:01:58.092+0000] {processor.py:157} INFO - Started process (PID=4132) to work on /home/airflow/.local/lib/python3.8/site-packages/airflow/example_dags/tutorial_dag.py
[2023-12-16T11:01:58.093+0000] {processor.py:829} INFO - Processing file /home/airflow/.local/lib/python3.8/site-packages/airflow/example_dags/tutorial_dag.py for tasks to queue
[2023-12-16T11:01:58.095+0000] {logging_mixin.py:154} INFO - [2023-12-16T11:01:58.095+0000] {dagbag.py:536} INFO - Filling up the DagBag from /home/airflow/.local/lib/python3.8/site-packages/airflow/example_dags/tutorial_dag.py
[2023-12-16T11:01:58.099+0000] {processor.py:839} INFO - DAG(s) dict_keys(['tutorial_dag']) retrieved from /home/airflow/.local/lib/python3.8/site-packages/airflow/example_dags/tutorial_dag.py
[2023-12-16T11:01:58.163+0000] {logging_mixin.py:154} INFO - [2023-12-16T11:01:58.163+0000] {dag.py:2941} INFO - Sync 1 DAGs
[2023-12-16T11:01:58.178+0000] {logging_mixin.py:154} INFO - [2023-12-16T11:01:58.177+0000] {dag.py:3722} INFO - Setting next_dagrun for tutorial_dag to None, run_after=None
[2023-12-16T11:01:58.205+0000] {processor.py:179} INFO - Processing /home/airflow/.local/lib/python3.8/site-packages/airflow/example_dags/tutorial_dag.py took 0.115 seconds
[2023-12-16T11:02:28.526+0000] {processor.py:157} INFO - Started process (PID=4187) to work on /home/airflow/.local/lib/python3.8/site-packages/airflow/example_dags/tutorial_dag.py
[2023-12-16T11:02:28.527+0000] {processor.py:829} INFO - Processing file /home/airflow/.local/lib/python3.8/site-packages/airflow/example_dags/tutorial_dag.py for tasks to queue
[2023-12-16T11:02:28.528+0000] {logging_mixin.py:154} INFO - [2023-12-16T11:02:28.528+0000] {dagbag.py:536} INFO - Filling up the DagBag from /home/airflow/.local/lib/python3.8/site-packages/airflow/example_dags/tutorial_dag.py
[2023-12-16T11:02:28.533+0000] {processor.py:839} INFO - DAG(s) dict_keys(['tutorial_dag']) retrieved from /home/airflow/.local/lib/python3.8/site-packages/airflow/example_dags/tutorial_dag.py
[2023-12-16T11:02:28.598+0000] {logging_mixin.py:154} INFO - [2023-12-16T11:02:28.597+0000] {dag.py:2941} INFO - Sync 1 DAGs
[2023-12-16T11:02:28.613+0000] {logging_mixin.py:154} INFO - [2023-12-16T11:02:28.613+0000] {dag.py:3722} INFO - Setting next_dagrun for tutorial_dag to None, run_after=None
[2023-12-16T11:02:28.641+0000] {processor.py:179} INFO - Processing /home/airflow/.local/lib/python3.8/site-packages/airflow/example_dags/tutorial_dag.py took 0.117 seconds
[2023-12-16T11:02:58.994+0000] {processor.py:157} INFO - Started process (PID=4242) to work on /home/airflow/.local/lib/python3.8/site-packages/airflow/example_dags/tutorial_dag.py
[2023-12-16T11:02:58.995+0000] {processor.py:829} INFO - Processing file /home/airflow/.local/lib/python3.8/site-packages/airflow/example_dags/tutorial_dag.py for tasks to queue
[2023-12-16T11:02:58.996+0000] {logging_mixin.py:154} INFO - [2023-12-16T11:02:58.996+0000] {dagbag.py:536} INFO - Filling up the DagBag from /home/airflow/.local/lib/python3.8/site-packages/airflow/example_dags/tutorial_dag.py
[2023-12-16T11:02:59.000+0000] {processor.py:839} INFO - DAG(s) dict_keys(['tutorial_dag']) retrieved from /home/airflow/.local/lib/python3.8/site-packages/airflow/example_dags/tutorial_dag.py
[2023-12-16T11:02:59.170+0000] {logging_mixin.py:154} INFO - [2023-12-16T11:02:59.169+0000] {dag.py:2941} INFO - Sync 1 DAGs
[2023-12-16T11:02:59.184+0000] {logging_mixin.py:154} INFO - [2023-12-16T11:02:59.183+0000] {dag.py:3722} INFO - Setting next_dagrun for tutorial_dag to None, run_after=None
[2023-12-16T11:02:59.211+0000] {processor.py:179} INFO - Processing /home/airflow/.local/lib/python3.8/site-packages/airflow/example_dags/tutorial_dag.py took 0.221 seconds
[2023-12-16T11:03:29.262+0000] {processor.py:157} INFO - Started process (PID=4297) to work on /home/airflow/.local/lib/python3.8/site-packages/airflow/example_dags/tutorial_dag.py
[2023-12-16T11:03:29.263+0000] {processor.py:829} INFO - Processing file /home/airflow/.local/lib/python3.8/site-packages/airflow/example_dags/tutorial_dag.py for tasks to queue
[2023-12-16T11:03:29.265+0000] {logging_mixin.py:154} INFO - [2023-12-16T11:03:29.264+0000] {dagbag.py:536} INFO - Filling up the DagBag from /home/airflow/.local/lib/python3.8/site-packages/airflow/example_dags/tutorial_dag.py
[2023-12-16T11:03:29.269+0000] {processor.py:839} INFO - DAG(s) dict_keys(['tutorial_dag']) retrieved from /home/airflow/.local/lib/python3.8/site-packages/airflow/example_dags/tutorial_dag.py
[2023-12-16T11:03:29.335+0000] {logging_mixin.py:154} INFO - [2023-12-16T11:03:29.335+0000] {dag.py:2941} INFO - Sync 1 DAGs
[2023-12-16T11:03:29.350+0000] {logging_mixin.py:154} INFO - [2023-12-16T11:03:29.349+0000] {dag.py:3722} INFO - Setting next_dagrun for tutorial_dag to None, run_after=None
[2023-12-16T11:03:29.376+0000] {processor.py:179} INFO - Processing /home/airflow/.local/lib/python3.8/site-packages/airflow/example_dags/tutorial_dag.py took 0.116 seconds
[2023-12-16T11:03:59.850+0000] {processor.py:157} INFO - Started process (PID=4352) to work on /home/airflow/.local/lib/python3.8/site-packages/airflow/example_dags/tutorial_dag.py
[2023-12-16T11:03:59.851+0000] {processor.py:829} INFO - Processing file /home/airflow/.local/lib/python3.8/site-packages/airflow/example_dags/tutorial_dag.py for tasks to queue
[2023-12-16T11:03:59.853+0000] {logging_mixin.py:154} INFO - [2023-12-16T11:03:59.852+0000] {dagbag.py:536} INFO - Filling up the DagBag from /home/airflow/.local/lib/python3.8/site-packages/airflow/example_dags/tutorial_dag.py
[2023-12-16T11:03:59.857+0000] {processor.py:839} INFO - DAG(s) dict_keys(['tutorial_dag']) retrieved from /home/airflow/.local/lib/python3.8/site-packages/airflow/example_dags/tutorial_dag.py
[2023-12-16T11:04:00.037+0000] {logging_mixin.py:154} INFO - [2023-12-16T11:04:00.036+0000] {dag.py:2941} INFO - Sync 1 DAGs
[2023-12-16T11:04:00.052+0000] {logging_mixin.py:154} INFO - [2023-12-16T11:04:00.052+0000] {dag.py:3722} INFO - Setting next_dagrun for tutorial_dag to None, run_after=None
[2023-12-16T11:04:00.081+0000] {processor.py:179} INFO - Processing /home/airflow/.local/lib/python3.8/site-packages/airflow/example_dags/tutorial_dag.py took 0.234 seconds
